<?xml version="1.0" encoding="UTF-8"?>
<!-- Generated by org.testng.reporters.JUnitXMLReporter -->
<testsuite hostname="PC-9" failures="0" tests="7" name="Surefire test" time="668.918" errors="0" timestamp="29 Jan 2024 13:33:57 GMT">
  <testcase classname="tests.parts.CounterSale" name="goto_countersaleManager_screen" time="45.779"/>
  <testcase classname="tests.parts.CounterSale" name="verify_all_fields" time="12.861"/>
  <testcase classname="tests.parts.CounterSale" name="add_new_counter_sale" time="101.134"/>
  <testcase classname="tests.parts.CounterSale" name="verify_location_popUp" time="91.37"/>
  <testcase classname="tests.parts.CounterSale" name="verify_counter_sale_page" time="32.113"/>
  <testcase classname="tests.parts.CounterSale" name="add_parts_in_counter_sale" time="131.629"/>
  <testcase classname="tests.parts.CounterSale" name="check_invoice_and_signout" time="203.297"/>
</testsuite> <!-- Surefire test -->
