<?xml version="1.0" encoding="UTF-8"?>
<!-- Generated by org.testng.reporters.JUnitXMLReporter -->
<testsuite hostname="DESKTOP-RH29BD1" failures="0" tests="38" name="Surefire test" time="850.89" errors="0" timestamp="26 Jan 2024 05:59:23 GMT">
  <testcase classname="tests.tech.PauseLabor" name="Test_001_Login_gotoTechRo" time="23.112"/>
  <testcase classname="tests.tech.PauseLabor" name="Test_002_Enter_TechBadge_ClickGo" time="31.447"/>
  <testcase classname="tests.tech.PauseLabor" name="Test_003_click_MoreUnits" time="32.836"/>
  <testcase classname="tests.tech.PauseLabor" name="Test_004_Enter_Firstunit" time="10.72"/>
  <testcase classname="tests.tech.PauseLabor" name="Test_005_Click_SelectButton" time="25.163"/>
  <testcase classname="tests.tech.PauseLabor" name="Test_006_click_MoreUnit" time="22.798"/>
  <testcase classname="tests.tech.PauseLabor" name="Test_007_click_VMRS" time="22.727"/>
  <testcase classname="tests.tech.PauseLabor" name="Test_008_click_VMRS_Img" time="22.649"/>
  <testcase classname="tests.tech.PauseLabor" name="Test_009_click_PlusButton" time="22.675"/>
  <testcase classname="tests.tech.PauseLabor" name="Test_010_enterTextinComplaintBox" time="10.944"/>
  <testcase classname="tests.tech.PauseLabor" name="Test_011_click_AddBtn" time="22.747"/>
  <testcase classname="tests.tech.PauseLabor" name="Test_012_click_WorkRequired_Img" time="22.679"/>
  <testcase classname="tests.tech.PauseLabor" name="Test_013_click_PauseButton" time="22.625"/>
  <testcase classname="tests.tech.PauseLabor" name="Test_014_EnterTechBadge_ClickGo" time="30.894"/>
  <testcase classname="tests.tech.PauseLabor" name="Test_015_verify_PauseWork_FirstUnit" time="4.215"/>
  <testcase classname="tests.tech.PauseLabor" name="Test_016_Enter_SecondUnit" time="10.773"/>
  <testcase classname="tests.tech.PauseLabor" name="Test_016_clickSelect" time="22.657"/>
  <testcase classname="tests.tech.PauseLabor" name="Test_017_VerifyPause" time="5.804"/>
  <testcase classname="tests.tech.PauseLabor" name="Test_018_AgainClick_MoreWorks" time="22.664"/>
  <testcase classname="tests.tech.PauseLabor" name="Test_020_ClickVMRS" time="22.852"/>
  <testcase classname="tests.tech.PauseLabor" name="Test_021_click_VMRS_Image" time="22.738"/>
  <testcase classname="tests.tech.PauseLabor" name="Test_022_click_PlusButton" time="22.72"/>
  <testcase classname="tests.tech.PauseLabor" name="Test_023_enterText_Complaint_Textfield" time="10.977"/>
  <testcase classname="tests.tech.PauseLabor" name="Test_024_click_On_Add" time="22.674"/>
  <testcase classname="tests.tech.PauseLabor" name="Test_025_click_MarinWalkAround_Img" time="22.782"/>
  <testcase classname="tests.tech.PauseLabor" name="Test_026_click_Pause" time="22.745"/>
  <testcase classname="tests.tech.PauseLabor" name="Test_027_EnterTechBadge_ClickonGo" time="30.956"/>
  <testcase classname="tests.tech.PauseLabor" name="Test_028_Verify_SecondPauseWork" time="4.192"/>
  <testcase classname="tests.tech.PauseLabor" name="Test_029_clickOn_AssignedWork" time="22.633"/>
  <testcase classname="tests.tech.PauseLabor" name="Test_030_verifySelectAssignedWork" time="4.159"/>
  <testcase classname="tests.tech.PauseLabor" name="Test_031_clickOnSelect" time="22.724"/>
  <testcase classname="tests.tech.PauseLabor" name="Test_32_clickSummary" time="23.717"/>
  <testcase classname="tests.tech.PauseLabor" name="Test_033_clickUnitReady" time="22.746"/>
  <testcase classname="tests.tech.PauseLabor" name="Test_034_Click_Select" time="22.673"/>
  <testcase classname="tests.tech.PauseLabor" name="Test_035_clickClockIcon" time="22.704"/>
  <testcase classname="tests.tech.PauseLabor" name="Test_036_clickOnSummary" time="22.786"/>
  <testcase classname="tests.tech.PauseLabor" name="Test_037_clickOnUnitReady" time="22.82"/>
  <testcase classname="tests.tech.PauseLabor" name="Test_038_clickSignout" time="28.654"/>
</testsuite> <!-- Surefire test -->
