<?xml version="1.0" encoding="UTF-8"?>
<!-- Generated by org.testng.reporters.JUnitXMLReporter -->
<testsuite hostname="PC-9" failures="0" tests="8" name="Surefire test" time="1112.275" errors="0" timestamp="23 Jan 2024 12:38:00 GMT">
  <testcase classname="tests.techRo.ServiceManagerPartsRelatedTasks" name="Test_001_gotoCompleteRo" time="260.066"/>
  <testcase classname="tests.techRo.ServiceManagerPartsRelatedTasks" name="Test_002_clickOnReference" time="259.25"/>
  <testcase classname="tests.techRo.ServiceManagerPartsRelatedTasks" name="Test_003_clickOnPart" time="74.217"/>
  <testcase classname="tests.techRo.ServiceManagerPartsRelatedTasks" name="Test_004_verifyLabor" time="56.836"/>
  <testcase classname="tests.techRo.ServiceManagerPartsRelatedTasks" name="Test_005_verifyChargeQuantityEditable" time="128.005"/>
  <testcase classname="tests.techRo.ServiceManagerPartsRelatedTasks" name="Test_006_clickOnAddPart" time="162.188"/>
  <testcase classname="tests.techRo.ServiceManagerPartsRelatedTasks" name="Test_007_clickOnNonCatalogPart" time="108.197"/>
  <testcase classname="tests.techRo.ServiceManagerPartsRelatedTasks" name="Test_008_clickOnCloseButton" time="24.373"/>
</testsuite> <!-- Surefire test -->
