<?xml version="1.0" encoding="UTF-8"?>
<!-- Generated by org.testng.reporters.JUnitXMLReporter -->
<testsuite hostname="PC-9" failures="3" tests="8" name="Surefire test" time="617.349" errors="0" timestamp="6 Mar 2024 13:10:36 GMT">
  <testcase classname="tests.ticket.UnableToRemoveCoreLink_CONVOY" name="Test_001_gotoPartMaster" time="46.23"/>
  <testcase classname="tests.ticket.UnableToRemoveCoreLink_CONVOY" name="Test_002_clickonPartNumber" time="111.743"/>
  <testcase classname="tests.ticket.UnableToRemoveCoreLink_CONVOY" name="Test_003_verifyName" time="73.292"/>
  <testcase classname="tests.ticket.UnableToRemoveCoreLink_CONVOY" name="Test_004_RequiredproductGroup" time="137.081"/>
  <testcase classname="tests.ticket.UnableToRemoveCoreLink_CONVOY" name="Test_005_gotoInventoryAdjustment" time="59.344"/>
  <testcase classname="tests.ticket.UnableToRemoveCoreLink_CONVOY" name="Test_006_verifyWarehouseName" time="126.994">
    <failure type="java.lang.AssertionError" message="expected [true] but found [false]">
      <![CDATA[java.lang.AssertionError: expected [true] but found [false]
	at pages.ticket.UnableToRemoveCoreLink_CONVOY.verifypartdescription(UnableToRemoveCoreLink_CONVOY.java:611)
	at tests.ticket.UnableToRemoveCoreLink_CONVOY.Test_006_verifyWarehouseName(UnableToRemoveCoreLink_CONVOY.java:70)
... Removed 32 stack frames]]>
    </failure>
  </testcase> <!-- Test_006_verifyWarehouseName -->
  <testcase classname="tests.ticket.UnableToRemoveCoreLink_CONVOY" name="Test_007_gotoPartMaster" time="1.125">
    <failure type="org.openqa.selenium.ElementClickInterceptedException" message="element click intercepted: Element &amp;lt;a onclick=&amp;quot;return false&amp;quot; class=&amp;quot;x18v&amp;quot; tabindex=&amp;quot;-1&amp;quot; href=&amp;quot;#&amp;quot;&amp;gt;...&amp;lt;/a&amp;gt; is not clickable at point (165, 52). Other element would receive the click: &amp;lt;div class=&amp;quot;AFModalGlassPane&amp;quot; style=&amp;quot;width: 1349px; height: 664px; user-select: none; z-index: 110;&amp;quot;&amp;gt;&amp;lt;/div&amp;gt;
  (Session info: chrome=122.0.6261.95)
Build info: version: &amp;apos;4.7.2&amp;apos;, revision: &amp;apos;4d4020c3b7&amp;apos;
System info: os.name: &amp;apos;Windows 11&amp;apos;, os.arch: &amp;apos;amd64&amp;apos;, os.version: &amp;apos;10.0&amp;apos;, java.version: &amp;apos;11.0.18&amp;apos;
Driver info: org.openqa.selenium.chrome.ChromeDriver
Command: [302e688dc5b24d5e2e8fbc81b4687ef0, clickElement {id=f.971715C47851DA93327C117C56ECD26B.d.CD1CFC0B90F1EDF53AC41037541F935B.e.620}]
Capabilities {acceptInsecureCerts: false, browserName: chrome, browserVersion: 122.0.6261.95, chrome: {chromedriverVersion: 122.0.6261.94 (880dbf29479c..., userDataDir: C:\Users\pc9-q\AppData\Loca...}, fedcm:accounts: true, goog:chromeOptions: {debuggerAddress: localhost:60441}, networkConnectionEnabled: false, pageLoadStrategy: normal, platformName: WINDOWS, proxy: Proxy(), se:cdp: ws://localhost:60441/devtoo..., se:cdpVersion: 122.0.6261.95, setWindowRect: true, strictFileInteractability: false, timeouts: {implicit: 0, pageLoad: 300000, script: 30000}, unhandledPromptBehavior: dismiss and notify, webauthn:extension:credBlob: true, webauthn:extension:largeBlob: true, webauthn:extension:minPinLength: true, webauthn:extension:prf: true, webauthn:virtualAuthenticators: true}
Element: [[ChromeDriver: chrome on WINDOWS (302e688dc5b24d5e2e8fbc81b4687ef0)] -&amp;gt; xpath: //table[@class=&amp;apos;af_menuBar_items&amp;apos;]//table//td//a[text()=&amp;apos;Parts&amp;apos;]]
Session ID: 302e688dc5b24d5e2e8fbc81b4687ef0">
      <![CDATA[org.openqa.selenium.ElementClickInterceptedException: element click intercepted: Element <a onclick="return false" class="x18v" tabindex="-1" href="#">...</a> is not clickable at point (165, 52). Other element would receive the click: <div class="AFModalGlassPane" style="width: 1349px; height: 664px; user-select: none; z-index: 110;"></div>
  (Session info: chrome=122.0.6261.95)
Build info: version: '4.7.2', revision: '4d4020c3b7'
System info: os.name: 'Windows 11', os.arch: 'amd64', os.version: '10.0', java.version: '11.0.18'
Driver info: org.openqa.selenium.chrome.ChromeDriver
Command: [302e688dc5b24d5e2e8fbc81b4687ef0, clickElement {id=f.971715C47851DA93327C117C56ECD26B.d.CD1CFC0B90F1EDF53AC41037541F935B.e.620}]
Capabilities {acceptInsecureCerts: false, browserName: chrome, browserVersion: 122.0.6261.95, chrome: {chromedriverVersion: 122.0.6261.94 (880dbf29479c..., userDataDir: C:\Users\pc9-q\AppData\Loca...}, fedcm:accounts: true, goog:chromeOptions: {debuggerAddress: localhost:60441}, networkConnectionEnabled: false, pageLoadStrategy: normal, platformName: WINDOWS, proxy: Proxy(), se:cdp: ws://localhost:60441/devtoo..., se:cdpVersion: 122.0.6261.95, setWindowRect: true, strictFileInteractability: false, timeouts: {implicit: 0, pageLoad: 300000, script: 30000}, unhandledPromptBehavior: dismiss and notify, webauthn:extension:credBlob: true, webauthn:extension:largeBlob: true, webauthn:extension:minPinLength: true, webauthn:extension:prf: true, webauthn:virtualAuthenticators: true}
Element: [[ChromeDriver: chrome on WINDOWS (302e688dc5b24d5e2e8fbc81b4687ef0)] -> xpath: //table[@class='af_menuBar_items']//table//td//a[text()='Parts']]
Session ID: 302e688dc5b24d5e2e8fbc81b4687ef0
	at org.openqa.selenium.remote.codec.w3c.W3CHttpResponseCodec.createException(W3CHttpResponseCodec.java:200)
	at org.openqa.selenium.remote.codec.w3c.W3CHttpResponseCodec.decode(W3CHttpResponseCodec.java:133)
	at org.openqa.selenium.remote.codec.w3c.W3CHttpResponseCodec.decode(W3CHttpResponseCodec.java:53)
	at org.openqa.selenium.remote.HttpCommandExecutor.execute(HttpCommandExecutor.java:184)
	at org.openqa.selenium.remote.service.DriverCommandExecutor.invokeExecute(DriverCommandExecutor.java:167)
	at org.openqa.selenium.remote.service.DriverCommandExecutor.execute(DriverCommandExecutor.java:142)
	at org.openqa.selenium.remote.RemoteWebDriver.execute(RemoteWebDriver.java:541)
	at org.openqa.selenium.remote.RemoteWebElement.execute(RemoteWebElement.java:257)
	at org.openqa.selenium.remote.RemoteWebElement.click(RemoteWebElement.java:78)
	at actions.ReusableActions.clickParentMenu(ReusableActions.java:38)
	at pages.ticket.UnableToRemoveCoreLink_CONVOY.gotoPartMaster(UnableToRemoveCoreLink_CONVOY.java:303)
	at tests.ticket.UnableToRemoveCoreLink_CONVOY.Test_007_gotoPartMaster(UnableToRemoveCoreLink_CONVOY.java:79)
... Removed 32 stack frames]]>
    </failure>
  </testcase> <!-- Test_007_gotoPartMaster -->
  <testcase classname="tests.ticket.UnableToRemoveCoreLink_CONVOY" name="Test_008_clickOnSignOut" time="21.211">
    <failure type="org.openqa.selenium.ElementClickInterceptedException" message="element click intercepted: Element &amp;lt;a data-afr-tlen=&amp;quot;8&amp;quot; id=&amp;quot;cl1&amp;quot; class=&amp;quot;xgn&amp;quot; onclick=&amp;quot;this.focus();return false;&amp;quot; data-afr-fcs=&amp;quot;true&amp;quot; href=&amp;quot;#&amp;quot;&amp;gt;...&amp;lt;/a&amp;gt; is not clickable at point (1320, 13). Other element would receive the click: &amp;lt;div class=&amp;quot;AFModalGlassPane&amp;quot; style=&amp;quot;width: 1349px; height: 664px; user-select: none; z-index: 110;&amp;quot;&amp;gt;&amp;lt;/div&amp;gt;
  (Session info: chrome=122.0.6261.95)
Build info: version: &amp;apos;4.7.2&amp;apos;, revision: &amp;apos;4d4020c3b7&amp;apos;
System info: os.name: &amp;apos;Windows 11&amp;apos;, os.arch: &amp;apos;amd64&amp;apos;, os.version: &amp;apos;10.0&amp;apos;, java.version: &amp;apos;11.0.18&amp;apos;
Driver info: org.openqa.selenium.chrome.ChromeDriver
Command: [302e688dc5b24d5e2e8fbc81b4687ef0, clickElement {id=f.971715C47851DA93327C117C56ECD26B.d.CD1CFC0B90F1EDF53AC41037541F935B.e.621}]
Capabilities {acceptInsecureCerts: false, browserName: chrome, browserVersion: 122.0.6261.95, chrome: {chromedriverVersion: 122.0.6261.94 (880dbf29479c..., userDataDir: C:\Users\pc9-q\AppData\Loca...}, fedcm:accounts: true, goog:chromeOptions: {debuggerAddress: localhost:60441}, networkConnectionEnabled: false, pageLoadStrategy: normal, platformName: WINDOWS, proxy: Proxy(), se:cdp: ws://localhost:60441/devtoo..., se:cdpVersion: 122.0.6261.95, setWindowRect: true, strictFileInteractability: false, timeouts: {implicit: 0, pageLoad: 300000, script: 30000}, unhandledPromptBehavior: dismiss and notify, webauthn:extension:credBlob: true, webauthn:extension:largeBlob: true, webauthn:extension:minPinLength: true, webauthn:extension:prf: true, webauthn:virtualAuthenticators: true}
Element: [[ChromeDriver: chrome on WINDOWS (302e688dc5b24d5e2e8fbc81b4687ef0)] -&amp;gt; xpath: //a[text()=&amp;apos;Sign Out&amp;apos;]]
Session ID: 302e688dc5b24d5e2e8fbc81b4687ef0">
      <![CDATA[org.openqa.selenium.ElementClickInterceptedException: element click intercepted: Element <a data-afr-tlen="8" id="cl1" class="xgn" onclick="this.focus();return false;" data-afr-fcs="true" href="#">...</a> is not clickable at point (1320, 13). Other element would receive the click: <div class="AFModalGlassPane" style="width: 1349px; height: 664px; user-select: none; z-index: 110;"></div>
  (Session info: chrome=122.0.6261.95)
Build info: version: '4.7.2', revision: '4d4020c3b7'
System info: os.name: 'Windows 11', os.arch: 'amd64', os.version: '10.0', java.version: '11.0.18'
Driver info: org.openqa.selenium.chrome.ChromeDriver
Command: [302e688dc5b24d5e2e8fbc81b4687ef0, clickElement {id=f.971715C47851DA93327C117C56ECD26B.d.CD1CFC0B90F1EDF53AC41037541F935B.e.621}]
Capabilities {acceptInsecureCerts: false, browserName: chrome, browserVersion: 122.0.6261.95, chrome: {chromedriverVersion: 122.0.6261.94 (880dbf29479c..., userDataDir: C:\Users\pc9-q\AppData\Loca...}, fedcm:accounts: true, goog:chromeOptions: {debuggerAddress: localhost:60441}, networkConnectionEnabled: false, pageLoadStrategy: normal, platformName: WINDOWS, proxy: Proxy(), se:cdp: ws://localhost:60441/devtoo..., se:cdpVersion: 122.0.6261.95, setWindowRect: true, strictFileInteractability: false, timeouts: {implicit: 0, pageLoad: 300000, script: 30000}, unhandledPromptBehavior: dismiss and notify, webauthn:extension:credBlob: true, webauthn:extension:largeBlob: true, webauthn:extension:minPinLength: true, webauthn:extension:prf: true, webauthn:virtualAuthenticators: true}
Element: [[ChromeDriver: chrome on WINDOWS (302e688dc5b24d5e2e8fbc81b4687ef0)] -> xpath: //a[text()='Sign Out']]
Session ID: 302e688dc5b24d5e2e8fbc81b4687ef0
	at org.openqa.selenium.remote.codec.w3c.W3CHttpResponseCodec.createException(W3CHttpResponseCodec.java:200)
	at org.openqa.selenium.remote.codec.w3c.W3CHttpResponseCodec.decode(W3CHttpResponseCodec.java:133)
	at org.openqa.selenium.remote.codec.w3c.W3CHttpResponseCodec.decode(W3CHttpResponseCodec.java:53)
	at org.openqa.selenium.remote.HttpCommandExecutor.execute(HttpCommandExecutor.java:184)
	at org.openqa.selenium.remote.service.DriverCommandExecutor.invokeExecute(DriverCommandExecutor.java:167)
	at org.openqa.selenium.remote.service.DriverCommandExecutor.execute(DriverCommandExecutor.java:142)
	at org.openqa.selenium.remote.RemoteWebDriver.execute(RemoteWebDriver.java:541)
	at org.openqa.selenium.remote.RemoteWebElement.execute(RemoteWebElement.java:257)
	at org.openqa.selenium.remote.RemoteWebElement.click(RemoteWebElement.java:78)
	at org.openqa.selenium.support.pagefactory.internal.LocatingElementHandler.invoke(LocatingElementHandler.java:52)
	at com.sun.proxy.$Proxy18.click(Unknown Source)
	at actions.WebElementActions.clickElement(WebElementActions.java:58)
	at pages.ticket.UnableToRemoveCoreLink_CONVOY.clickOnSignOut(UnableToRemoveCoreLink_CONVOY.java:651)
	at tests.ticket.UnableToRemoveCoreLink_CONVOY.Test_008_clickOnSignOut(UnableToRemoveCoreLink_CONVOY.java:91)
... Removed 35 stack frames]]>
    </failure>
  </testcase> <!-- Test_008_clickOnSignOut -->
</testsuite> <!-- Surefire test -->
