<?xml version="1.0" encoding="UTF-8"?>
<!-- Generated by org.testng.reporters.JUnitXMLReporter -->
<testsuite hostname="DESKTOP-HN0C78P" failures="0" tests="7" name="Surefire test" time="905.174" errors="0" timestamp="23 Feb 2024 05:31:23 GMT">
  <testcase classname="tests.parts.CounterSale" name="goto_countersaleManager_screen" time="49.601"/>
  <testcase classname="tests.parts.CounterSale" name="verify_all_fields" time="14.632"/>
  <testcase classname="tests.parts.CounterSale" name="add_new_counter_sale" time="100.466"/>
  <testcase classname="tests.parts.CounterSale" name="verify_location_popUp" time="96.212"/>
  <testcase classname="tests.parts.CounterSale" name="verify_counter_sale_page" time="34.156"/>
  <testcase classname="tests.parts.CounterSale" name="add_parts_in_counter_sale" time="226.394"/>
  <testcase classname="tests.parts.CounterSale" name="check_invoice_and_signout" time="329.471"/>
</testsuite> <!-- Surefire test -->
