<?xml version="1.0" encoding="UTF-8"?>
<!-- Generated by org.testng.reporters.JUnitXMLReporter -->
<testsuite hostname="DESKTOP-HN0C78P" failures="0" tests="14" name="Surefire test" time="899.801" errors="0" timestamp="8 Mar 2024 13:11:22 GMT">
  <testcase classname="tests.tech.TechWoParts" name="gotoTechRo" time="73.188"/>
  <testcase classname="tests.tech.TechWoParts" name="verifyUnitNumber_ClickOnParts" time="255.304"/>
  <testcase classname="tests.tech.TechWoParts" name="verifyElement_EnterPartNumber" time="50.468"/>
  <testcase classname="tests.tech.TechWoParts" name="verifyPartPannel_ClickOnIssuePart" time="33.625"/>
  <testcase classname="tests.tech.TechWoParts" name="verifyPartadded_deletePart" time="64.2"/>
  <testcase classname="tests.tech.TechWoParts" name="verifyPartadded_" time="0.004"/>
  <testcase classname="tests.tech.TechWoParts" name="clickOnCoreReturn_deleteCorePart" time="0.004"/>
  <testcase classname="tests.tech.TechWoParts" name="clickOnNonCatalogPart_enterValue" time="113.764"/>
  <testcase classname="tests.tech.TechWoParts" name="EnterPartNumber_clickIssuePart" time="51.771"/>
  <testcase classname="tests.tech.TechWoParts" name="clickOnLabour_clickOnVMRS" time="0.003"/>
  <testcase classname="tests.tech.TechWoParts" name="ClickOnMoisesOlivas_Select_OkButton" time="0.003"/>
  <testcase classname="tests.tech.TechWoParts" name="ClickOnMoisesOlivas_Select_OkButton1" time="0.002"/>
  <testcase classname="tests.tech.TechWoParts" name="ClickOnSummary_pause_selectbutton" time="105.035"/>
  <testcase classname="tests.tech.TechWoParts" name="clickOnUnitReady_Ok_signoutbutton" time="97.766"/>
</testsuite> <!-- Surefire test -->
