<?xml version="1.0" encoding="UTF-8"?>
<!-- Generated by org.testng.reporters.JUnitXMLReporter -->
<testsuite hostname="DESKTOP-HN0C78P" failures="0" tests="7" name="Surefire test" time="771.433" errors="0" timestamp="25 Jan 2024 15:34:32 GMT">
  <testcase classname="tests.parts.CounterSale" name="goto_countersaleManager_screen" time="111.48"/>
  <testcase classname="tests.parts.CounterSale" name="verify_all_fields" time="19.703"/>
  <testcase classname="tests.parts.CounterSale" name="add_new_counter_sale" time="100.65"/>
  <testcase classname="tests.parts.CounterSale" name="verify_location_popUp" time="101.913"/>
  <testcase classname="tests.parts.CounterSale" name="verify_counter_sale_page" time="34.042"/>
  <testcase classname="tests.parts.CounterSale" name="add_parts_in_counter_sale" time="144.876"/>
  <testcase classname="tests.parts.CounterSale" name="check_invoice_and_signout" time="183.613"/>
</testsuite> <!-- Surefire test -->
