<?xml version="1.0" encoding="UTF-8"?>
<!-- Generated by org.testng.reporters.JUnitXMLReporter -->
<testsuite hostname="PC-9" failures="0" tests="6" name="Surefire test" time="590.52" errors="0" timestamp="21 Feb 2024 11:25:20 GMT">
  <testcase classname="tests.fleet.UomforpressureonInspectionInformationAllowed" name="Test_001_gotoPMInspectionManager" time="45.688"/>
  <testcase classname="tests.fleet.UomforpressureonInspectionInformationAllowed" name="Test_002_clickOnUnitInspectionInformation" time="132.803"/>
  <testcase classname="tests.fleet.UomforpressureonInspectionInformationAllowed" name="Test_003_clickOnAddUnitInspectionInformation" time="83.943"/>
  <testcase classname="tests.fleet.UomforpressureonInspectionInformationAllowed" name="Test_004_clickOnAddUnitInspectionInformationTwo" time="109.335"/>
  <testcase classname="tests.fleet.UomforpressureonInspectionInformationAllowed" name="Test_005_gotoUnitMaster" time="28.794"/>
  <testcase classname="tests.fleet.UomforpressureonInspectionInformationAllowed" name="Test_006_clickonMoreInfo" time="147.935"/>
</testsuite> <!-- Surefire test -->
