<?xml version="1.0" encoding="UTF-8"?>
<!-- Generated by org.testng.reporters.JUnitXMLReporter -->
<testsuite hostname="DESKTOP-HN0C78P" failures="0" tests="4" name="Surefire test" time="264.052" errors="0" timestamp="6 Feb 2024 18:25:15 GMT">
  <testcase classname="tests.techRo.ServiceManagerJournalize" name="Test_001_gotoFinancials" time="42.375"/>
  <testcase classname="tests.techRo.ServiceManagerJournalize" name="Test_002_clickOnGenerateJournals" time="66.912"/>
  <testcase classname="tests.techRo.ServiceManagerJournalize" name="Test_003_clickOnServiceBoard" time="6.577"/>
  <testcase classname="tests.techRo.ServiceManagerJournalize" name="Test_004_clickOnFinancialManagerText" time="92.763"/>
</testsuite> <!-- Surefire test -->
