<?xml version="1.0" encoding="UTF-8"?>
<!-- Generated by org.testng.reporters.JUnitXMLReporter -->
<testsuite hostname="PC-9" failures="0" tests="5" name="Surefire test" time="276.436" errors="0" timestamp="12 Feb 2024 12:52:39 GMT">
  <testcase classname="tests.parts.CounterSaleInvoiceCharacterLimit" name="Test_001_goto_countersaleManager_screen" time="45.681"/>
  <testcase classname="tests.parts.CounterSaleInvoiceCharacterLimit" name="Test_002_clickonHistory" time="20.149"/>
  <testcase classname="tests.parts.CounterSaleInvoiceCharacterLimit" name="Test_003_verifyInvoice" time="56.667"/>
  <testcase classname="tests.parts.CounterSaleInvoiceCharacterLimit" name="Test_004_verifyCountersale" time="43.881"/>
  <testcase classname="tests.parts.CounterSaleInvoiceCharacterLimit" name="Test_005_clickOnReprint" time="65.665"/>
</testsuite> <!-- Surefire test -->
