<?xml version="1.0" encoding="UTF-8"?>
<!-- Generated by org.testng.reporters.JUnitXMLReporter -->
<testsuite hostname="DESKTOP-HN0C78P" failures="0" tests="10" name="Surefire test" time="1099.533" errors="0" timestamp="4 Feb 2024 10:26:14 GMT">
  <testcase classname="tests.tech.TechWoLabor" name="gotoTechRo" time="133.434"/>
  <testcase classname="tests.tech.TechWoLabor" name="enter_Unit_Number" time="54.742"/>
  <testcase classname="tests.tech.TechWoLabor" name="verifyElement_Click_UnitHistory" time="57.595"/>
  <testcase classname="tests.tech.TechWoLabor" name="clickOn_Labour_MoreWork_VMRSTab" time="68.15"/>
  <testcase classname="tests.tech.TechWoLabor" name="enter_AeroDynamic_Device_First" time="84.22"/>
  <testcase classname="tests.tech.TechWoLabor" name="enter_AeroDynamic_ClickIMG" time="64.337"/>
  <testcase classname="tests.tech.TechWoLabor" name="add_AeroDynamic_Delete_Labour" time="110.128"/>
  <testcase classname="tests.tech.TechWoLabor" name="again_Add_AeroDynamicDevice" time="164.259"/>
  <testcase classname="tests.tech.TechWoLabor" name="enter_AccessoriesGroup_Img" time="139.796"/>
  <testcase classname="tests.tech.TechWoLabor" name="clickOn_SelectButton" time="157.955"/>
</testsuite> <!-- Surefire test -->
