<?xml version="1.0" encoding="UTF-8"?>
<!-- Generated by org.testng.reporters.JUnitXMLReporter -->
<testsuite hostname="PC-9" failures="0" tests="4" name="Surefire test" time="243.173" errors="0" timestamp="6 Feb 2024 13:04:48 GMT">
  <testcase classname="tests.techRo.ServiceManagerJournalize" name="Test_001_gotoFinancials" time="42.418"/>
  <testcase classname="tests.techRo.ServiceManagerJournalize" name="Test_002_clickOnGenerateJournals" time="65.417"/>
  <testcase classname="tests.techRo.ServiceManagerJournalize" name="Test_003_clickOnServiceBoard" time="6.21"/>
  <testcase classname="tests.techRo.ServiceManagerJournalize" name="Test_004_clickOnFinancialManagerText" time="90.994"/>
</testsuite> <!-- Surefire test -->
