<?xml version="1.0" encoding="UTF-8"?>
<!-- Generated by org.testng.reporters.JUnitXMLReporter -->
<testsuite hostname="PC-9" failures="0" tests="7" name="Surefire test" time="625.019" errors="0" timestamp="28 Feb 2024 12:03:55 GMT">
  <testcase classname="tests.parts.CounterSale" name="goto_countersaleManager_screen" time="42.712"/>
  <testcase classname="tests.parts.CounterSale" name="verify_all_fields" time="12.823"/>
  <testcase classname="tests.parts.CounterSale" name="add_new_counter_sale" time="97.545"/>
  <testcase classname="tests.parts.CounterSale" name="verify_location_popUp" time="93.118"/>
  <testcase classname="tests.parts.CounterSale" name="verify_counter_sale_page" time="32.166"/>
  <testcase classname="tests.parts.CounterSale" name="add_parts_in_counter_sale" time="131.957"/>
  <testcase classname="tests.parts.CounterSale" name="check_invoice_and_signout" time="176.022"/>
</testsuite> <!-- Surefire test -->
