<?xml version="1.0" encoding="UTF-8"?>
<!-- Generated by org.testng.reporters.JUnitXMLReporter -->
<testsuite hostname="DESKTOP-RH29BD1" failures="0" tests="4" name="Surefire test" time="147.579" errors="0" timestamp="11 Jan 2024 14:25:40 GMT">
  <testcase classname="tests.administration.CreateVendor" name="Test_001_gotoVendorsScreen" time="39.233"/>
  <testcase classname="tests.administration.CreateVendor" name="Test_002_VerifyAllformfields" time="13.447"/>
  <testcase classname="tests.administration.CreateVendor" name="Test_003_enterfieldandclickonOK" time="41.657"/>
  <testcase classname="tests.administration.CreateVendor" name="checkVendorName_SignOutPage" time="31.1"/>
</testsuite> <!-- Surefire test -->
