<?xml version="1.0" encoding="UTF-8"?>
<!-- Generated by org.testng.reporters.JUnitXMLReporter -->
<testsuite hostname="PC-5" failures="0" tests="8" name="Surefire test" time="948.215" errors="0" timestamp="24 Jan 2024 13:14:06 GMT">
  <testcase classname="tests.techRo.ServiceManagerPartsRelatedTasks" name="Test_001_gotoCompleteRo" time="247.921"/>
  <testcase classname="tests.techRo.ServiceManagerPartsRelatedTasks" name="Test_002_clickOnReference" time="134.461"/>
  <testcase classname="tests.techRo.ServiceManagerPartsRelatedTasks" name="Test_003_clickOnPart" time="69.247"/>
  <testcase classname="tests.techRo.ServiceManagerPartsRelatedTasks" name="Test_004_verifyLabor" time="56.499"/>
  <testcase classname="tests.techRo.ServiceManagerPartsRelatedTasks" name="Test_005_verifyChargeQuantityEditable" time="119.854"/>
  <testcase classname="tests.techRo.ServiceManagerPartsRelatedTasks" name="Test_006_clickOnAddPart" time="152.509"/>
  <testcase classname="tests.techRo.ServiceManagerPartsRelatedTasks" name="Test_007_clickOnNonCatalogPart" time="104.291"/>
  <testcase classname="tests.techRo.ServiceManagerPartsRelatedTasks" name="Test_008_clickOnCloseButton" time="24.398"/>
</testsuite> <!-- Surefire test -->
