<?xml version="1.0" encoding="UTF-8"?>
<!-- Generated by org.testng.reporters.JUnitXMLReporter -->
<testsuite hostname="DESKTOP-RH29BD1" failures="0" tests="11" name="Surefire test" time="1049.835" errors="0" timestamp="19 Jan 2024 13:15:57 GMT">
  <testcase classname="tests.Estimate.SubmitAnEstimateServiceManager" name="Test_001_gotoServiceBoardScreen" time="36.762"/>
  <testcase classname="tests.Estimate.SubmitAnEstimateServiceManager" name="Test_002_clickOnEstimate" time="26.787"/>
  <testcase classname="tests.Estimate.SubmitAnEstimateServiceManager" name="Test_003_RequiredLocation" time="105.727"/>
  <testcase classname="tests.Estimate.SubmitAnEstimateServiceManager" name="Test_004_verifyRequiredDate" time="89.25"/>
  <testcase classname="tests.Estimate.SubmitAnEstimateServiceManager" name="Test_005_verifyPart" time="97.034"/>
  <testcase classname="tests.Estimate.SubmitAnEstimateServiceManager" name="Test_006_verifyLabour" time="80.814"/>
  <testcase classname="tests.Estimate.SubmitAnEstimateServiceManager" name="Test_007_verifyAddParts" time="72.735"/>
  <testcase classname="tests.Estimate.SubmitAnEstimateServiceManager" name="Test_008_clickonAddLabour" time="166.68"/>
  <testcase classname="tests.Estimate.SubmitAnEstimateServiceManager" name="Test_009_clickonAddLabour" time="106.043"/>
  <testcase classname="tests.Estimate.SubmitAnEstimateServiceManager" name="Test_010_clickOnAddParts" time="107.643"/>
  <testcase classname="tests.Estimate.SubmitAnEstimateServiceManager" name="Test_011_storeLaborCostHeader" time="121.383"/>
</testsuite> <!-- Surefire test -->
