<?xml version="1.0" encoding="UTF-8"?>
<!-- Generated by org.testng.reporters.JUnitXMLReporter -->
<testsuite hostname="PC-9" failures="0" tests="18" name="Surefire test" time="910.852" errors="0" timestamp="31 Jan 2024 10:14:47 GMT">
  <testcase classname="tests.service.ServiceManagerWoLabor" name="gotoCompleteRoScreen" time="41.642"/>
  <testcase classname="tests.service.ServiceManagerWoLabor" name="verifyAllElements" time="12.993"/>
  <testcase classname="tests.service.ServiceManagerWoLabor" name="clickOnRONumber_VerifyElements" time="43.876"/>
  <testcase classname="tests.service.ServiceManagerWoLabor" name="ClickInternalLink_and_EnterText" time="62.887"/>
  <testcase classname="tests.service.ServiceManagerWoLabor" name="clickOnThisIsStandardNote_EnterInternalNote" time="58.784"/>
  <testcase classname="tests.service.ServiceManagerWoLabor" name="clickOnNotes_and_EnterTextInNoteField" time="61.803"/>
  <testcase classname="tests.service.ServiceManagerWoLabor" name="verifyAuthorizedBy_and_ClickOnLink" time="30.58"/>
  <testcase classname="tests.service.ServiceManagerWoLabor" name="clickOnAdd_and_EntertheText" time="68.946"/>
  <testcase classname="tests.service.ServiceManagerWoLabor" name="ennterLastName_and_clickOnSelectBtn" time="36.58"/>
  <testcase classname="tests.service.ServiceManagerWoLabor" name="verifyElementofMainScreen" time="24.913"/>
  <testcase classname="tests.service.ServiceManagerWoLabor" name="clickOnRoStatus_and_CloseButton" time="48.722"/>
  <testcase classname="tests.service.ServiceManagerWoLabor" name="clickOnWIPStatus_and_clickCancle" time="56.779"/>
  <testcase classname="tests.service.ServiceManagerWoLabor" name="clickOnTypelink_and_clickOnSelect" time="56.87"/>
  <testcase classname="tests.service.ServiceManagerWoLabor" name="clickOnInvoiceTohyperlink_and_clickOnCancle" time="52.824"/>
  <testcase classname="tests.service.ServiceManagerWoLabor" name="clickViewProfitLoss_and_clickOk" time="48.838"/>
  <testcase classname="tests.service.ServiceManagerWoLabor" name="clickOn_ShowLabourDetails_Number_ShowPartsDetails" time="44.494"/>
  <testcase classname="tests.service.ServiceManagerWoLabor" name="clickOnBacktoCompleteRo_and_ReferenceNumber" time="44.524"/>
  <testcase classname="tests.service.ServiceManagerWoLabor" name="clickOnUpdateRates_and_SignOut" time="74.66"/>
</testsuite> <!-- Surefire test -->
