-------------------------------------------------------------------------------
Test set: pages.Estimate.SubmitAnEstimateServiceManager
-------------------------------------------------------------------------------
Tests run: 1, Failures: 1, Errors: 0, Skipped: 0, Time elapsed: 13.378 s <<< FAILURE! - in pages.Estimate.SubmitAnEstimateServiceManager
generateAllure(pages.Estimate.SubmitAnEstimateServiceManager)  Time elapsed: 12.975 s  <<< FAILURE!
java.lang.IllegalArgumentException: Input must be set

