-------------------------------------------------------------------------------
Test set: tests.techRo.ServiceManagerInvoice
-------------------------------------------------------------------------------
Tests run: 6, Failures: 1, Errors: 0, Skipped: 0, Time elapsed: 198.619 s <<< FAILURE! - in tests.techRo.ServiceManagerInvoice
generateAllure(tests.techRo.ServiceManagerInvoice)  Time elapsed: 62.808 s  <<< FAILURE!
java.io.IOException: Cannot run program "F:\NewGitFinal\RefactorScript\allure-2.13.6\bin\allure.bat": CreateProcess error=2, The system cannot find the file specified
Caused by: java.io.IOException: CreateProcess error=2, The system cannot find the file specified

