-------------------------------------------------------------------------------
Test set: tests.tech.TechWoLabor
-------------------------------------------------------------------------------
Tests run: 11, Failures: 1, Errors: 0, Skipped: 0, Time elapsed: 1,117.306 s <<< FAILURE! - in tests.tech.TechWoLabor
generateAllure(tests.tech.TechWoLabor)  Time elapsed: 159.214 s  <<< FAILURE!
java.io.IOException: Cannot run program "F:\NewGitFinal\RefactorScript\allure-2.13.6\bin\allure.bat": CreateProcess error=2, The system cannot find the file specified
Caused by: java.io.IOException: CreateProcess error=2, The system cannot find the file specified

