<?xml version="1.0" encoding="UTF-8"?>
<testsuite xmlns:xsi="http://www.w3.org/2001/XMLSchema-instance" xsi:noNamespaceSchemaLocation="https://maven.apache.org/surefire/maven-surefire-plugin/xsd/surefire-test-report.xsd" name="tests.Estimate.SubmitAnEstimateServiceManager" time="791.998" tests="11" errors="0" skipped="0" failures="0">
  <properties>
[...]
</properties>
  <testcase name="Test_001_gotoServiceBoardScreen" classname="tests.Estimate.SubmitAnEstimateServiceManager" time="38.991"/>
  <testcase name="Test_002_clickOnEstimate" classname="tests.Estimate.SubmitAnEstimateServiceManager" time="23.985"/>
  <testcase name="Test_003_RequiredLocation" classname="tests.Estimate.SubmitAnEstimateServiceManager" time="52.937"/>
  <testcase name="Test_004_verifyRequiredDate" classname="tests.Estimate.SubmitAnEstimateServiceManager" time="44.774"/>
  <testcase name="Test_005_verifyPart" classname="tests.Estimate.SubmitAnEstimateServiceManager" time="48.714"/>
  <testcase name="Test_006_verifyLabour" classname="tests.Estimate.SubmitAnEstimateServiceManager" time="40.643"/>
  <testcase name="Test_007_verifyAddParts" classname="tests.Estimate.SubmitAnEstimateServiceManager" time="36.494"/>
  <testcase name="Test_008_clickonAddLabour" classname="tests.Estimate.SubmitAnEstimateServiceManager" time="157.598"/>
  <testcase name="Test_009_clickonAddLabour" classname="tests.Estimate.SubmitAnEstimateServiceManager" time="105.058"/>
  <testcase name="Test_010_clickOnAddParts" classname="tests.Estimate.SubmitAnEstimateServiceManager" time="103.142"/>
  <testcase name="Test_011_storeLaborCostHeader" classname="tests.Estimate.SubmitAnEstimateServiceManager" time="88.405"/>
</testsuite>