<?xml version="1.0" encoding="UTF-8"?>
<testsuite xmlns:xsi="http://www.w3.org/2001/XMLSchema-instance" xsi:noNamespaceSchemaLocation="https://maven.apache.org/surefire/maven-surefire-plugin/xsd/surefire-test-report.xsd" name="tests.ticket.UnableToRemoveCoreLink_CONVOY" time="618.404" tests="9" errors="0" skipped="0" failures="4">
  <properties>
[...]
</properties>
  <testcase name="Test_001_gotoPartMaster" classname="tests.ticket.UnableToRemoveCoreLink_CONVOY" time="46.23"/>
  <testcase name="Test_002_clickonPartNumber" classname="tests.ticket.UnableToRemoveCoreLink_CONVOY" time="111.743"/>
  <testcase name="Test_003_verifyName" classname="tests.ticket.UnableToRemoveCoreLink_CONVOY" time="73.292"/>
  <testcase name="Test_004_RequiredproductGroup" classname="tests.ticket.UnableToRemoveCoreLink_CONVOY" time="137.081"/>
  <testcase name="Test_005_gotoInventoryAdjustment" classname="tests.ticket.UnableToRemoveCoreLink_CONVOY" time="59.344"/>
  <testcase name="Test_006_verifyWarehouseName" classname="tests.ticket.UnableToRemoveCoreLink_CONVOY" time="127.065">
    <failure message="expected [true] but found [false]" type="java.lang.AssertionError">java.lang.AssertionError: expected [true] but found [false]
	at tests.ticket.UnableToRemoveCoreLink_CONVOY.Test_006_verifyWarehouseName(UnableToRemoveCoreLink_CONVOY.java:70)
</failure>
    <system-err><![CDATA[org.openqa.selenium.TimeoutException: Expected condition failed: waiting for condition (visibility of [[ChromeDriver: chrome on WINDOWS (302e688dc5b24d5e2e8fbc81b4687ef0)] -> xpath: //label[text()='Part Description:']]) to be refreshed (tried for 80 second(s) with 500 milliseconds interval)
Build info: version: '4.7.2', revision: '4d4020c3b7'
System info: os.name: 'Windows 11', os.arch: 'amd64', os.version: '10.0', java.version: '11.0.18'
Driver info: org.openqa.selenium.chrome.ChromeDriver
Capabilities {acceptInsecureCerts: false, browserName: chrome, browserVersion: 122.0.6261.95, chrome: {chromedriverVersion: 122.0.6261.94 (880dbf29479c..., userDataDir: C:\Users\pc9-q\AppData\Loca...}, fedcm:accounts: true, goog:chromeOptions: {debuggerAddress: localhost:60441}, networkConnectionEnabled: false, pageLoadStrategy: normal, platformName: WINDOWS, proxy: Proxy(), se:cdp: ws://localhost:60441/devtoo..., se:cdpVersion: 122.0.6261.95, setWindowRect: true, strictFileInteractability: false, timeouts: {implicit: 0, pageLoad: 300000, script: 30000}, unhandledPromptBehavior: dismiss and notify, webauthn:extension:credBlob: true, webauthn:extension:largeBlob: true, webauthn:extension:minPinLength: true, webauthn:extension:prf: true, webauthn:virtualAuthenticators: true}
Session ID: 302e688dc5b24d5e2e8fbc81b4687ef0
	at org.openqa.selenium.support.ui.WebDriverWait.timeoutException(WebDriverWait.java:87)
	at org.openqa.selenium.support.ui.FluentWait.until(FluentWait.java:231)
	at actions.WaitActions.waitForElementToBeRefreshedAndIsVisible(WaitActions.java:212)
	at pages.ticket.UnableToRemoveCoreLink_CONVOY.verifypartdescription(UnableToRemoveCoreLink_CONVOY.java:610)
	at tests.ticket.UnableToRemoveCoreLink_CONVOY.Test_006_verifyWarehouseName(UnableToRemoveCoreLink_CONVOY.java:70)
	at java.base/jdk.internal.reflect.NativeMethodAccessorImpl.invoke0(Native Method)
	at java.base/jdk.internal.reflect.NativeMethodAccessorImpl.invoke(NativeMethodAccessorImpl.java:62)
	at java.base/jdk.internal.reflect.DelegatingMethodAccessorImpl.invoke(DelegatingMethodAccessorImpl.java:43)
	at java.base/java.lang.reflect.Method.invoke(Method.java:566)
	at org.testng.internal.MethodInvocationHelper.invokeMethod(MethodInvocationHelper.java:86)
	at org.testng.internal.Invoker.invokeMethod(Invoker.java:643)
	at org.testng.internal.Invoker.invokeTestMethod(Invoker.java:820)
	at org.testng.internal.Invoker.invokeTestMethods(Invoker.java:1128)
	at org.testng.internal.TestMethodWorker.invokeTestMethods(TestMethodWorker.java:129)
	at org.testng.internal.TestMethodWorker.run(TestMethodWorker.java:112)
	at org.testng.TestRunner.privateRun(TestRunner.java:782)
	at org.testng.TestRunner.run(TestRunner.java:632)
	at org.testng.SuiteRunner.runTest(SuiteRunner.java:366)
	at org.testng.SuiteRunner.runSequentially(SuiteRunner.java:361)
	at org.testng.SuiteRunner.privateRun(SuiteRunner.java:319)
	at org.testng.SuiteRunner.run(SuiteRunner.java:268)
	at org.testng.SuiteRunnerWorker.runSuite(SuiteRunnerWorker.java:52)
	at org.testng.SuiteRunnerWorker.run(SuiteRunnerWorker.java:86)
	at org.testng.TestNG.runSuitesSequentially(TestNG.java:1244)
	at org.testng.TestNG.runSuitesLocally(TestNG.java:1169)
	at org.testng.TestNG.run(TestNG.java:1064)
	at org.apache.maven.surefire.testng.TestNGExecutor.run(TestNGExecutor.java:135)
	at org.apache.maven.surefire.testng.TestNGDirectoryTestSuite.executeSingleClass(TestNGDirectoryTestSuite.java:112)
	at org.apache.maven.surefire.testng.TestNGDirectoryTestSuite.execute(TestNGDirectoryTestSuite.java:99)
	at org.apache.maven.surefire.testng.TestNGProvider.invoke(TestNGProvider.java:146)
	at org.apache.maven.surefire.booter.ForkedBooter.invokeProviderInSameClassLoader(ForkedBooter.java:386)
	at org.apache.maven.surefire.booter.ForkedBooter.runSuitesInProcess(ForkedBooter.java:323)
	at org.apache.maven.surefire.booter.ForkedBooter.main(ForkedBooter.java:143)
]]></system-err>
  </testcase>
  <testcase name="Test_007_gotoPartMaster" classname="tests.ticket.UnableToRemoveCoreLink_CONVOY" time="1.128">
    <failure message="element click intercepted: Element &lt;a onclick=&quot;return false&quot; class=&quot;x18v&quot; tabindex=&quot;-1&quot; href=&quot;#&quot;&gt;...&lt;/a&gt; is not clickable at point (165, 52). Other element would receive the click: &lt;div class=&quot;AFModalGlassPane&quot; style=&quot;width: 1349px; height: 664px; user-select: none; z-index: 110;&quot;&gt;&lt;/div&gt;&#10;  (Session info: chrome=122.0.6261.95)&#10;Build info: version: &apos;4.7.2&apos;, revision: &apos;4d4020c3b7&apos;&#10;System info: os.name: &apos;Windows 11&apos;, os.arch: &apos;amd64&apos;, os.version: &apos;10.0&apos;, java.version: &apos;11.0.18&apos;&#10;Driver info: org.openqa.selenium.chrome.ChromeDriver&#10;Command: [302e688dc5b24d5e2e8fbc81b4687ef0, clickElement {id=f.971715C47851DA93327C117C56ECD26B.d.CD1CFC0B90F1EDF53AC41037541F935B.e.620}]&#10;Capabilities {acceptInsecureCerts: false, browserName: chrome, browserVersion: 122.0.6261.95, chrome: {chromedriverVersion: 122.0.6261.94 (880dbf29479c..., userDataDir: C:\Users\pc9-q\AppData\Loca...}, fedcm:accounts: true, goog:chromeOptions: {debuggerAddress: localhost:60441}, networkConnectionEnabled: false, pageLoadStrategy: normal, platformName: WINDOWS, proxy: Proxy(), se:cdp: ws://localhost:60441/devtoo..., se:cdpVersion: 122.0.6261.95, setWindowRect: true, strictFileInteractability: false, timeouts: {implicit: 0, pageLoad: 300000, script: 30000}, unhandledPromptBehavior: dismiss and notify, webauthn:extension:credBlob: true, webauthn:extension:largeBlob: true, webauthn:extension:minPinLength: true, webauthn:extension:prf: true, webauthn:virtualAuthenticators: true}&#10;Element: [[ChromeDriver: chrome on WINDOWS (302e688dc5b24d5e2e8fbc81b4687ef0)] -&gt; xpath: //table[@class=&apos;af_menuBar_items&apos;]//table//td//a[text()=&apos;Parts&apos;]]&#10;Session ID: 302e688dc5b24d5e2e8fbc81b4687ef0" type="org.openqa.selenium.ElementClickInterceptedException"><![CDATA[org.openqa.selenium.ElementClickInterceptedException: 
element click intercepted: Element <a onclick="return false" class="x18v" tabindex="-1" href="#">...</a> is not clickable at point (165, 52). Other element would receive the click: <div class="AFModalGlassPane" style="width: 1349px; height: 664px; user-select: none; z-index: 110;"></div>
  (Session info: chrome=122.0.6261.95)
Build info: version: '4.7.2', revision: '4d4020c3b7'
System info: os.name: 'Windows 11', os.arch: 'amd64', os.version: '10.0', java.version: '11.0.18'
Driver info: org.openqa.selenium.chrome.ChromeDriver
Command: [302e688dc5b24d5e2e8fbc81b4687ef0, clickElement {id=f.971715C47851DA93327C117C56ECD26B.d.CD1CFC0B90F1EDF53AC41037541F935B.e.620}]
Capabilities {acceptInsecureCerts: false, browserName: chrome, browserVersion: 122.0.6261.95, chrome: {chromedriverVersion: 122.0.6261.94 (880dbf29479c..., userDataDir: C:\Users\pc9-q\AppData\Loca...}, fedcm:accounts: true, goog:chromeOptions: {debuggerAddress: localhost:60441}, networkConnectionEnabled: false, pageLoadStrategy: normal, platformName: WINDOWS, proxy: Proxy(), se:cdp: ws://localhost:60441/devtoo..., se:cdpVersion: 122.0.6261.95, setWindowRect: true, strictFileInteractability: false, timeouts: {implicit: 0, pageLoad: 300000, script: 30000}, unhandledPromptBehavior: dismiss and notify, webauthn:extension:credBlob: true, webauthn:extension:largeBlob: true, webauthn:extension:minPinLength: true, webauthn:extension:prf: true, webauthn:virtualAuthenticators: true}
Element: [[ChromeDriver: chrome on WINDOWS (302e688dc5b24d5e2e8fbc81b4687ef0)] -> xpath: //table[@class='af_menuBar_items']//table//td//a[text()='Parts']]
Session ID: 302e688dc5b24d5e2e8fbc81b4687ef0
	at tests.ticket.UnableToRemoveCoreLink_CONVOY.Test_007_gotoPartMaster(UnableToRemoveCoreLink_CONVOY.java:79)
]]></failure>
    <system-out><![CDATA[WebElement is clickable using locator: <[[ChromeDriver: chrome on WINDOWS (302e688dc5b24d5e2e8fbc81b4687ef0)] -> xpath: //table[@class='af_menuBar_items']//table//td//a[text()='Parts']]]]><![CDATA[>
WebElement is clickable using locator: <[[ChromeDriver: chrome on WINDOWS (302e688dc5b24d5e2e8fbc81b4687ef0)] -> xpath: //table[@class='af_menuBar_items']//table//td//a[text()='Parts']]]]><![CDATA[>
]]></system-out>
  </testcase>
  <testcase name="Test_008_clickOnSignOut" classname="tests.ticket.UnableToRemoveCoreLink_CONVOY" time="21.212">
    <failure message="element click intercepted: Element &lt;a data-afr-tlen=&quot;8&quot; id=&quot;cl1&quot; class=&quot;xgn&quot; onclick=&quot;this.focus();return false;&quot; data-afr-fcs=&quot;true&quot; href=&quot;#&quot;&gt;...&lt;/a&gt; is not clickable at point (1320, 13). Other element would receive the click: &lt;div class=&quot;AFModalGlassPane&quot; style=&quot;width: 1349px; height: 664px; user-select: none; z-index: 110;&quot;&gt;&lt;/div&gt;&#10;  (Session info: chrome=122.0.6261.95)&#10;Build info: version: &apos;4.7.2&apos;, revision: &apos;4d4020c3b7&apos;&#10;System info: os.name: &apos;Windows 11&apos;, os.arch: &apos;amd64&apos;, os.version: &apos;10.0&apos;, java.version: &apos;11.0.18&apos;&#10;Driver info: org.openqa.selenium.chrome.ChromeDriver&#10;Command: [302e688dc5b24d5e2e8fbc81b4687ef0, clickElement {id=f.971715C47851DA93327C117C56ECD26B.d.CD1CFC0B90F1EDF53AC41037541F935B.e.621}]&#10;Capabilities {acceptInsecureCerts: false, browserName: chrome, browserVersion: 122.0.6261.95, chrome: {chromedriverVersion: 122.0.6261.94 (880dbf29479c..., userDataDir: C:\Users\pc9-q\AppData\Loca...}, fedcm:accounts: true, goog:chromeOptions: {debuggerAddress: localhost:60441}, networkConnectionEnabled: false, pageLoadStrategy: normal, platformName: WINDOWS, proxy: Proxy(), se:cdp: ws://localhost:60441/devtoo..., se:cdpVersion: 122.0.6261.95, setWindowRect: true, strictFileInteractability: false, timeouts: {implicit: 0, pageLoad: 300000, script: 30000}, unhandledPromptBehavior: dismiss and notify, webauthn:extension:credBlob: true, webauthn:extension:largeBlob: true, webauthn:extension:minPinLength: true, webauthn:extension:prf: true, webauthn:virtualAuthenticators: true}&#10;Element: [[ChromeDriver: chrome on WINDOWS (302e688dc5b24d5e2e8fbc81b4687ef0)] -&gt; xpath: //a[text()=&apos;Sign Out&apos;]]&#10;Session ID: 302e688dc5b24d5e2e8fbc81b4687ef0" type="org.openqa.selenium.ElementClickInterceptedException"><![CDATA[org.openqa.selenium.ElementClickInterceptedException: 
element click intercepted: Element <a data-afr-tlen="8" id="cl1" class="xgn" onclick="this.focus();return false;" data-afr-fcs="true" href="#">...</a> is not clickable at point (1320, 13). Other element would receive the click: <div class="AFModalGlassPane" style="width: 1349px; height: 664px; user-select: none; z-index: 110;"></div>
  (Session info: chrome=122.0.6261.95)
Build info: version: '4.7.2', revision: '4d4020c3b7'
System info: os.name: 'Windows 11', os.arch: 'amd64', os.version: '10.0', java.version: '11.0.18'
Driver info: org.openqa.selenium.chrome.ChromeDriver
Command: [302e688dc5b24d5e2e8fbc81b4687ef0, clickElement {id=f.971715C47851DA93327C117C56ECD26B.d.CD1CFC0B90F1EDF53AC41037541F935B.e.621}]
Capabilities {acceptInsecureCerts: false, browserName: chrome, browserVersion: 122.0.6261.95, chrome: {chromedriverVersion: 122.0.6261.94 (880dbf29479c..., userDataDir: C:\Users\pc9-q\AppData\Loca...}, fedcm:accounts: true, goog:chromeOptions: {debuggerAddress: localhost:60441}, networkConnectionEnabled: false, pageLoadStrategy: normal, platformName: WINDOWS, proxy: Proxy(), se:cdp: ws://localhost:60441/devtoo..., se:cdpVersion: 122.0.6261.95, setWindowRect: true, strictFileInteractability: false, timeouts: {implicit: 0, pageLoad: 300000, script: 30000}, unhandledPromptBehavior: dismiss and notify, webauthn:extension:credBlob: true, webauthn:extension:largeBlob: true, webauthn:extension:minPinLength: true, webauthn:extension:prf: true, webauthn:virtualAuthenticators: true}
Element: [[ChromeDriver: chrome on WINDOWS (302e688dc5b24d5e2e8fbc81b4687ef0)] -> xpath: //a[text()='Sign Out']]
Session ID: 302e688dc5b24d5e2e8fbc81b4687ef0
	at tests.ticket.UnableToRemoveCoreLink_CONVOY.Test_008_clickOnSignOut(UnableToRemoveCoreLink_CONVOY.java:91)
]]></failure>
  </testcase>
  <testcase name="generateAllure" classname="tests.ticket.UnableToRemoveCoreLink_CONVOY" time="21.423">
    <failure message="Cannot run program &quot;F:\GithubFinal\RefactorScript\allure-2.13.6\bin\allure.bat&quot;: CreateProcess error=2, The system cannot find the file specified" type="java.io.IOException">java.io.IOException: Cannot run program "F:\GithubFinal\RefactorScript\allure-2.13.6\bin\allure.bat": CreateProcess error=2, The system cannot find the file specified
Caused by: java.io.IOException: CreateProcess error=2, The system cannot find the file specified
</failure>
    <system-out><![CDATA[creating directory: __2024_03_06_18.40.36
Folder created
Before Report Process
This is CMD : F:\GithubFinal\RefactorScript\allure-2.13.6\bin\allure.bat generate  F:\GithubFinal\RefactorScript\allure-results -o F:\GithubFinal\RefactorScript\allure-results\Reports\UnableToRemoveCoreLink_CONVOYReports\__2024_03_06_18.40.36
]]></system-out>
  </testcase>
</testsuite>