<?xml version="1.0" encoding="UTF-8"?>
<testsuite xmlns:xsi="http://www.w3.org/2001/XMLSchema-instance" xsi:noNamespaceSchemaLocation="https://maven.apache.org/surefire/maven-surefire-plugin/xsd/surefire-test-report.xsd" name="tests.tech.TechWoParts" time="903.603" tests="15" errors="0" skipped="0" failures="1">
  <properties>
    <property name="java.specification.version" value="18"/>
    <property name="sun.cpu.isalist" value="amd64"/>
    <property name="sun.jnu.encoding" value="Cp1252"/>
    <property name="java.class.path" value="C:\Program Files\apache-maven-3.9.6\boot\plexus-classworlds-2.7.0.jar"/>
    <property name="java.vm.vendor" value="Oracle Corporation"/>
    <property name="sun.arch.data.model" value="64"/>
    <property name="user.variant" value=""/>
    <property name="java.vendor.url" value="https://java.oracle.com/"/>
    <property name="user.timezone" value="Asia/Calcutta"/>
    <property name="maven.conf" value="C:\Program Files\apache-maven-3.9.6/conf"/>
    <property name="java.vm.specification.version" value="18"/>
    <property name="os.name" value="Windows 10"/>
    <property name="sun.java.launcher" value="SUN_STANDARD"/>
    <property name="user.country" value="US"/>
    <property name="sun.boot.library.path" value="C:\Program Files\Java\jdk-18.0.1.1\bin"/>
    <property name="sun.java.command" value="org.codehaus.plexus.classworlds.launcher.Launcher test -Dtest=tests.tech.TechWoParts -Denv=NA"/>
    <property name="jdk.debug" value="release"/>
    <property name="maven.home" value="C:\Program Files\apache-maven-3.9.6"/>
    <property name="test" value="tests.tech.TechWoParts"/>
    <property name="sun.cpu.endian" value="little"/>
    <property name="user.home" value="C:\Users\hp"/>
    <property name="user.language" value="en"/>
    <property name="sun.stderr.encoding" value="cp437"/>
    <property name="java.specification.vendor" value="Oracle Corporation"/>
    <property name="java.version.date" value="2022-04-22"/>
    <property name="java.home" value="C:\Program Files\Java\jdk-18.0.1.1"/>
    <property name="file.separator" value="\"/>
    <property name="java.vm.compressedOopsMode" value="32-bit"/>
    <property name="line.separator" value="&#10;"/>
    <property name="sun.stdout.encoding" value="cp437"/>
    <property name="java.vm.specification.vendor" value="Oracle Corporation"/>
    <property name="java.specification.name" value="Java Platform API Specification"/>
    <property name="user.script" value=""/>
    <property name="sun.management.compiler" value="HotSpot 64-Bit Tiered Compilers"/>
    <property name="java.runtime.version" value="18.0.1.1+2-6"/>
    <property name="user.name" value="hp"/>
    <property name="path.separator" value=";"/>
    <property name="os.version" value="10.0"/>
    <property name="java.runtime.name" value="Java(TM) SE Runtime Environment"/>
    <property name="file.encoding" value="UTF-8"/>
    <property name="guice.disable.misplaced.annotation.check" value="true"/>
    <property name="java.vm.name" value="Java HotSpot(TM) 64-Bit Server VM"/>
    <property name="java.vendor.url.bug" value="https://bugreport.java.com/bugreport/"/>
    <property name="java.io.tmpdir" value="C:\Users\hp\AppData\Local\Temp\"/>
    <property name="java.version" value="18.0.1.1"/>
    <property name="user.dir" value="F:\NewGitFinal\RefactorScript"/>
    <property name="os.arch" value="amd64"/>
    <property name="maven.multiModuleProjectDirectory" value="F:\NewGitFinal\RefactorScript"/>
    <property name="java.vm.specification.name" value="Java Virtual Machine Specification"/>
    <property name="env" value="NA"/>
    <property name="sun.os.patch.level" value=""/>
    <property name="native.encoding" value="Cp1252"/>
    <property name="java.library.path" value="C:\Program Files\Java\jdk-18.0.1.1\bin;C:\Windows\Sun\Java\bin;C:\Windows\system32;C:\Windows;C:\Program Files\Common Files\Oracle\Java\javapath;C:\Program Files (x86)\Common Files\Oracle\Java\javapath;C:\Windows\system32;C:\Windows;C:\Windows\System32\Wbem;C:\Windows\System32\WindowsPowerShell\v1.0\;C:\Windows\System32\OpenSSH\;C:\Program Files\Git\cmd;C:\Program Files\apache-maven-3.9.6\bin;C:\Users\hp\AppData\Local\Microsoft\WindowsApps;C:\Users\hp\AppData\Local\GitHubDesktop\bin;E:\IntelliJ IDEA Community Edition 2023.3.3\bin;;C:\Users\hp\AppData\Local\Programs\Microsoft VS Code\bin;;."/>
    <property name="java.vm.info" value="mixed mode, sharing"/>
    <property name="java.vendor" value="Oracle Corporation"/>
    <property name="java.vm.version" value="18.0.1.1+2-6"/>
    <property name="classworlds.conf" value="C:\Program Files\apache-maven-3.9.6\bin\m2.conf"/>
    <property name="sun.io.unicode.encoding" value="UnicodeLittle"/>
    <property name="library.jansi.path" value="C:\Program Files\apache-maven-3.9.6\lib\jansi-native"/>
    <property name="java.class.version" value="62.0"/>
  </properties>
  <testcase name="gotoTechRo" classname="tests.tech.TechWoParts" time="73.292"/>
  <testcase name="verifyUnitNumber_ClickOnParts" classname="tests.tech.TechWoParts" time="255.474"/>
  <testcase name="verifyElement_EnterPartNumber" classname="tests.tech.TechWoParts" time="50.603"/>
  <testcase name="verifyPartPannel_ClickOnIssuePart" classname="tests.tech.TechWoParts" time="33.767"/>
  <testcase name="verifyPartadded_deletePart" classname="tests.tech.TechWoParts" time="64.312"/>
  <testcase name="verifyPartadded_" classname="tests.tech.TechWoParts" time="0.161"/>
  <testcase name="clickOnCoreReturn_deleteCorePart" classname="tests.tech.TechWoParts" time="0.13"/>
  <testcase name="clickOnNonCatalogPart_enterValue" classname="tests.tech.TechWoParts" time="113.883"/>
  <testcase name="EnterPartNumber_clickIssuePart" classname="tests.tech.TechWoParts" time="51.908"/>
  <testcase name="clickOnLabour_clickOnVMRS" classname="tests.tech.TechWoParts" time="0.158"/>
  <testcase name="ClickOnMoisesOlivas_Select_OkButton" classname="tests.tech.TechWoParts" time="0.143"/>
  <testcase name="ClickOnMoisesOlivas_Select_OkButton1" classname="tests.tech.TechWoParts" time="0.139"/>
  <testcase name="ClickOnSummary_pause_selectbutton" classname="tests.tech.TechWoParts" time="105.16"/>
  <testcase name="clickOnUnitReady_Ok_signoutbutton" classname="tests.tech.TechWoParts" time="97.86"/>
  <testcase name="generateAllure" classname="tests.tech.TechWoParts" time="98.08">
    <failure message="Cannot run program &quot;F:\NewGitFinal\RefactorScript\allure-2.13.6\bin\allure.bat&quot;: CreateProcess error=2, The system cannot find the file specified" type="java.io.IOException">java.io.IOException: Cannot run program "F:\NewGitFinal\RefactorScript\allure-2.13.6\bin\allure.bat": CreateProcess error=2, The system cannot find the file specified
Caused by: java.io.IOException: CreateProcess error=2, The system cannot find the file specified
</failure>
    <system-out><![CDATA[creating directory: __2024_03_08_18.41.22
Folder created
Before Report Process
This is CMD : F:\NewGitFinal\RefactorScript\allure-2.13.6\bin\allure.bat generate  F:\NewGitFinal\RefactorScript\allure-results -o F:\NewGitFinal\RefactorScript\allure-results\Reports\TechWoPartsReports\__2024_03_08_18.41.22
]]></system-out>
  </testcase>
</testsuite>