<?xml version="1.0" encoding="UTF-8"?>
<testsuite xmlns:xsi="http://www.w3.org/2001/XMLSchema-instance" xsi:noNamespaceSchemaLocation="https://maven.apache.org/surefire/maven-surefire-plugin/xsd/surefire-test-report.xsd" name="tests.tech.PauseLabor" time="830.414" tests="38" errors="0" skipped="0" failures="0">
  <properties>
[...]
</properties>
  <testcase name="Test_001_Login_gotoTechRo" classname="tests.tech.PauseLabor" time="24.203"/>
  <testcase name="Test_002_Enter_TechBadge_ClickGo" classname="tests.tech.PauseLabor" time="32.335"/>
  <testcase name="Test_003_click_MoreUnits" classname="tests.tech.PauseLabor" time="32.319"/>
  <testcase name="Test_004_Enter_Firstunit" classname="tests.tech.PauseLabor" time="10.489"/>
  <testcase name="Test_005_Click_SelectButton" classname="tests.tech.PauseLabor" time="25.981"/>
  <testcase name="Test_006_click_MoreUnit" classname="tests.tech.PauseLabor" time="22.332"/>
  <testcase name="Test_007_click_VMRS" classname="tests.tech.PauseLabor" time="22.31"/>
  <testcase name="Test_008_click_VMRS_Img" classname="tests.tech.PauseLabor" time="22.327"/>
  <testcase name="Test_009_click_PlusButton" classname="tests.tech.PauseLabor" time="22.613"/>
  <testcase name="Test_010_enterTextinComplaintBox" classname="tests.tech.PauseLabor" time="10.286"/>
  <testcase name="Test_011_click_AddBtn" classname="tests.tech.PauseLabor" time="22.297"/>
  <testcase name="Test_012_click_WorkRequired_Img" classname="tests.tech.PauseLabor" time="22.293"/>
  <testcase name="Test_013_click_PauseButton" classname="tests.tech.PauseLabor" time="22.273"/>
  <testcase name="Test_014_EnterTechBadge_ClickGo" classname="tests.tech.PauseLabor" time="30.365"/>
  <testcase name="Test_015_verify_PauseWork_FirstUnit" classname="tests.tech.PauseLabor" time="4.13"/>
  <testcase name="Test_016_Enter_SecondUnit" classname="tests.tech.PauseLabor" time="10.258"/>
  <testcase name="Test_016_clickSelect" classname="tests.tech.PauseLabor" time="22.337"/>
  <testcase name="Test_017_VerifyPause" classname="tests.tech.PauseLabor" time="4.09"/>
  <testcase name="Test_018_AgainClick_MoreWorks" classname="tests.tech.PauseLabor" time="22.374"/>
  <testcase name="Test_020_ClickVMRS" classname="tests.tech.PauseLabor" time="22.337"/>
  <testcase name="Test_021_click_VMRS_Image" classname="tests.tech.PauseLabor" time="22.342"/>
  <testcase name="Test_022_click_PlusButton" classname="tests.tech.PauseLabor" time="22.31"/>
  <testcase name="Test_023_enterText_Complaint_Textfield" classname="tests.tech.PauseLabor" time="10.316"/>
  <testcase name="Test_024_click_On_Add" classname="tests.tech.PauseLabor" time="22.349"/>
  <testcase name="Test_025_click_MarinWalkAround_Img" classname="tests.tech.PauseLabor" time="22.364"/>
  <testcase name="Test_026_click_Pause" classname="tests.tech.PauseLabor" time="22.266"/>
  <testcase name="Test_027_EnterTechBadge_ClickonGo" classname="tests.tech.PauseLabor" time="30.53"/>
  <testcase name="Test_028_Verify_SecondPauseWork" classname="tests.tech.PauseLabor" time="4.114"/>
  <testcase name="Test_029_clickOn_AssignedWork" classname="tests.tech.PauseLabor" time="22.353"/>
  <testcase name="Test_030_verifySelectAssignedWork" classname="tests.tech.PauseLabor" time="4.095"/>
  <testcase name="Test_031_clickOnSelect" classname="tests.tech.PauseLabor" time="22.298"/>
  <testcase name="Test_32_clickSummary" classname="tests.tech.PauseLabor" time="22.413"/>
  <testcase name="Test_033_clickUnitReady" classname="tests.tech.PauseLabor" time="22.305"/>
  <testcase name="Test_034_Click_Select" classname="tests.tech.PauseLabor" time="22.338"/>
  <testcase name="Test_035_clickClockIcon" classname="tests.tech.PauseLabor" time="22.347"/>
  <testcase name="Test_036_clickOnSummary" classname="tests.tech.PauseLabor" time="22.265"/>
  <testcase name="Test_037_clickOnUnitReady" classname="tests.tech.PauseLabor" time="22.268"/>
  <testcase name="Test_038_clickSignout" classname="tests.tech.PauseLabor" time="28.655"/>
</testsuite>