-------------------------------------------------------------------------------
Test set: tests.Estimate.SubmitAnEstimateServiceManager
-------------------------------------------------------------------------------
Tests run: 12, Failures: 1, Errors: 0, Skipped: 0, Time elapsed: 851.868 s <<< FAILURE! - in tests.Estimate.SubmitAnEstimateServiceManager
generateAllure(tests.Estimate.SubmitAnEstimateServiceManager)  Time elapsed: 96.896 s  <<< FAILURE!
java.io.IOException: Cannot run program "F:\NewGitFinal\RefactorScript\allure-2.13.6\bin\allure.bat": CreateProcess error=2, The system cannot find the file specified
Caused by: java.io.IOException: CreateProcess error=2, The system cannot find the file specified

