-------------------------------------------------------------------------------
Test set: tests.techRo.ServiceManagerInvoice
-------------------------------------------------------------------------------
Tests run: 6, Failures: 1, Errors: 0, Skipped: 5, Time elapsed: 16.869 s <<< FAILURE! - in tests.techRo.ServiceManagerInvoice
initialization(tests.techRo.ServiceManagerInvoice)  Time elapsed: 6.254 s  <<< FAILURE!
java.io.FileNotFoundException: F:\GithubFinal\RefactorScript\src\test\java\utils\servicemanagerinvoice\servicemanagerinvoiceNA.properties (The system cannot find the file specified)

