<?xml version="1.0" encoding="UTF-8"?>
<testsuite xmlns:xsi="http://www.w3.org/2001/XMLSchema-instance" xsi:noNamespaceSchemaLocation="https://maven.apache.org/surefire/maven-surefire-plugin/xsd/surefire-test-report.xsd" name="tests.tech.TechWoLabor" time="15.791" tests="11" errors="0" skipped="10" failures="1">
  <properties>
[...]
</properties>
  <testcase name="initialization" classname="tests.tech.TechWoLabor" time="4.755">
    <failure message="null value in entry: url=null" type="java.lang.NullPointerException">java.lang.NullPointerException: null value in entry: url=null
</failure>
    <system-out><![CDATA[ configFileName :: F:\RefactorScript/src/test/java/utils/techwolabor/techwolaborNA.properties
]]></system-out>
    <system-err><![CDATA[SLF4J: Failed to load class "org.slf4j.impl.StaticLoggerBinder".
SLF4J: Defaulting to no-operation (NOP) logger implementation
SLF4J: See http://www.slf4j.org/codes.html#StaticLoggerBinder for further details.
Starting ChromeDriver 120.0.6099.109 (3419140ab665596f21b385ce136419fde0924272-refs/branch-heads/6099@{#1483}) on port 49762
Only local connections are allowed.
Please see https://chromedriver.chromium.org/security-considerations for suggestions on keeping ChromeDriver safe.
ChromeDriver was started successfully.
Jan 23, 2024 12:01:46 PM org.openqa.selenium.remote.ProtocolHandshake createSession
INFO: Detected upstream dialect: W3C
Jan 23, 2024 12:01:47 PM org.openqa.selenium.devtools.CdpVersionFinder findNearestMatch
WARNING: Unable to find an exact match for CDP version 120, so returning the closest version found: a no-op implementation
Jan 23, 2024 12:01:47 PM org.openqa.selenium.devtools.CdpVersionFinder findNearestMatch
INFO: Unable to find CDP implementation matching 120.
Jan 23, 2024 12:01:47 PM org.openqa.selenium.chromium.ChromiumDriver lambda$new$3
WARNING: Unable to find version of CDP to use for . You may need to include a dependency on a specific version of the CDP using something similar to `org.seleniumhq.selenium:selenium-devtools-v86:4.4.0` where the version ("v86") matches the version of the chromium-based browser you're using and the version number of the artifact is the same as Selenium's.
]]></system-err>
  </testcase>
  <testcase name="gotoTechRo" classname="tests.tech.TechWoLabor" time="0">
    <skipped/>
  </testcase>
  <testcase name="enter_Unit_Number" classname="tests.tech.TechWoLabor" time="0">
    <skipped/>
  </testcase>
  <testcase name="verifyElement_Click_UnitHistory" classname="tests.tech.TechWoLabor" time="0">
    <skipped/>
  </testcase>
  <testcase name="clickOn_Labour_MoreWork_VMRSTab" classname="tests.tech.TechWoLabor" time="0">
    <skipped/>
  </testcase>
  <testcase name="enter_AeroDynamic_Device_First" classname="tests.tech.TechWoLabor" time="0">
    <skipped/>
  </testcase>
  <testcase name="enter_AeroDynamic_ClickIMG" classname="tests.tech.TechWoLabor" time="0">
    <skipped/>
  </testcase>
  <testcase name="add_AeroDynamic_Delete_Labour" classname="tests.tech.TechWoLabor" time="0">
    <skipped/>
  </testcase>
  <testcase name="again_Add_AeroDynamicDevice" classname="tests.tech.TechWoLabor" time="0">
    <skipped/>
  </testcase>
  <testcase name="enter_AccessoriesGroup_Img" classname="tests.tech.TechWoLabor" time="0">
    <skipped/>
  </testcase>
  <testcase name="clickOn_SelectButton" classname="tests.tech.TechWoLabor" time="0">
    <skipped/>
  </testcase>
</testsuite>