<?xml version="1.0" encoding="UTF-8"?>
<testsuite xmlns:xsi="http://www.w3.org/2001/XMLSchema-instance" xsi:noNamespaceSchemaLocation="https://maven.apache.org/surefire/maven-surefire-plugin/xsd/surefire-test-report.xsd" name="tests.tech.TechWoParts" time="903.603" tests="15" errors="0" skipped="0" failures="1">
  <properties>
[...]
</properties>
  <testcase name="gotoTechRo" classname="tests.tech.TechWoParts" time="73.292"/>
  <testcase name="verifyUnitNumber_ClickOnParts" classname="tests.tech.TechWoParts" time="255.474"/>
  <testcase name="verifyElement_EnterPartNumber" classname="tests.tech.TechWoParts" time="50.603"/>
  <testcase name="verifyPartPannel_ClickOnIssuePart" classname="tests.tech.TechWoParts" time="33.767"/>
  <testcase name="verifyPartadded_deletePart" classname="tests.tech.TechWoParts" time="64.312"/>
  <testcase name="verifyPartadded_" classname="tests.tech.TechWoParts" time="0.161"/>
  <testcase name="clickOnCoreReturn_deleteCorePart" classname="tests.tech.TechWoParts" time="0.13"/>
  <testcase name="clickOnNonCatalogPart_enterValue" classname="tests.tech.TechWoParts" time="113.883"/>
  <testcase name="EnterPartNumber_clickIssuePart" classname="tests.tech.TechWoParts" time="51.908"/>
  <testcase name="clickOnLabour_clickOnVMRS" classname="tests.tech.TechWoParts" time="0.158"/>
  <testcase name="ClickOnMoisesOlivas_Select_OkButton" classname="tests.tech.TechWoParts" time="0.143"/>
  <testcase name="ClickOnMoisesOlivas_Select_OkButton1" classname="tests.tech.TechWoParts" time="0.139"/>
  <testcase name="ClickOnSummary_pause_selectbutton" classname="tests.tech.TechWoParts" time="105.16"/>
  <testcase name="clickOnUnitReady_Ok_signoutbutton" classname="tests.tech.TechWoParts" time="97.86"/>
  <testcase name="generateAllure" classname="tests.tech.TechWoParts" time="98.08">
    <failure message="Cannot run program &quot;F:\NewGitFinal\RefactorScript\allure-2.13.6\bin\allure.bat&quot;: CreateProcess error=2, The system cannot find the file specified" type="java.io.IOException">java.io.IOException: Cannot run program "F:\NewGitFinal\RefactorScript\allure-2.13.6\bin\allure.bat": CreateProcess error=2, The system cannot find the file specified
Caused by: java.io.IOException: CreateProcess error=2, The system cannot find the file specified
</failure>
    <system-out><![CDATA[creating directory: __2024_03_08_18.41.22
Folder created
Before Report Process
This is CMD : F:\NewGitFinal\RefactorScript\allure-2.13.6\bin\allure.bat generate  F:\NewGitFinal\RefactorScript\allure-results -o F:\NewGitFinal\RefactorScript\allure-results\Reports\TechWoPartsReports\__2024_03_08_18.41.22
]]></system-out>
  </testcase>
</testsuite>