-------------------------------------------------------------------------------
Test set: tests.techRo.ServiceManagerPartsRelatedTasks
-------------------------------------------------------------------------------
Tests run: 9, Failures: 4, Errors: 0, Skipped: 0, Time elapsed: 1,488.16 s <<< FAILURE! - in tests.techRo.ServiceManagerPartsRelatedTasks
Test_001_gotoCompleteRo(tests.techRo.ServiceManagerPartsRelatedTasks)  Time elapsed: 372.446 s  <<< FAILURE!
org.openqa.selenium.ElementNotInteractableException: 
element not interactable
  (Session info: chrome=120.0.6099.217)
Build info: version: '4.4.0', revision: 'e5c75ed026a'
System info: host: 'PC-9', ip: '192.168.29.154', os.name: 'Windows 11', os.arch: 'amd64', os.version: '10.0', java.version: '11.0.18'
Driver info: org.openqa.selenium.chrome.ChromeDriver
Command: [ed2703acd98746a6bed7ad4827fdd0d2, clickElement {id=97D1B3B196380E6D1C33595E733EB7A7_element_867}]
Capabilities {acceptInsecureCerts: false, browserName: chrome, browserVersion: 120.0.6099.217, chrome: {chromedriverVersion: 120.0.6099.109 (3419140ab66..., userDataDir: C:\Users\pc9-q\AppData\Loca...}, fedcm:accounts: true, goog:chromeOptions: {debuggerAddress: localhost:58461}, networkConnectionEnabled: false, pageLoadStrategy: normal, platformName: WINDOWS, proxy: Proxy(), se:cdp: ws://localhost:58461/devtoo..., se:cdpVersion: 120.0.6099.217, setWindowRect: true, strictFileInteractability: false, timeouts: {implicit: 0, pageLoad: 300000, script: 30000}, unhandledPromptBehavior: dismiss and notify, webauthn:extension:credBlob: true, webauthn:extension:largeBlob: true, webauthn:extension:minPinLength: true, webauthn:extension:prf: true, webauthn:virtualAuthenticators: true}
Element: [[ChromeDriver: chrome on WINDOWS (ed2703acd98746a6bed7ad4827fdd0d2)] -> xpath: //div[contains(@id,':0:pgltWAIDX')]//div]
Session ID: ed2703acd98746a6bed7ad4827fdd0d2
	at tests.techRo.ServiceManagerPartsRelatedTasks.Test_001_gotoCompleteRo(ServiceManagerPartsRelatedTasks.java:20)

Test_007_clickOnNonCatalogPart(tests.techRo.ServiceManagerPartsRelatedTasks)  Time elapsed: 262.655 s  <<< FAILURE!
org.openqa.selenium.ElementNotInteractableException: 
element not interactable
  (Session info: chrome=120.0.6099.217)
Build info: version: '4.4.0', revision: 'e5c75ed026a'
System info: host: 'PC-9', ip: '192.168.29.154', os.name: 'Windows 11', os.arch: 'amd64', os.version: '10.0', java.version: '11.0.18'
Driver info: org.openqa.selenium.chrome.ChromeDriver
Command: [ed2703acd98746a6bed7ad4827fdd0d2, clickElement {id=97D1B3B196380E6D1C33595E733EB7A7_element_1704}]
Capabilities {acceptInsecureCerts: false, browserName: chrome, browserVersion: 120.0.6099.217, chrome: {chromedriverVersion: 120.0.6099.109 (3419140ab66..., userDataDir: C:\Users\pc9-q\AppData\Loca...}, fedcm:accounts: true, goog:chromeOptions: {debuggerAddress: localhost:58461}, networkConnectionEnabled: false, pageLoadStrategy: normal, platformName: WINDOWS, proxy: Proxy(), se:cdp: ws://localhost:58461/devtoo..., se:cdpVersion: 120.0.6099.217, setWindowRect: true, strictFileInteractability: false, timeouts: {implicit: 0, pageLoad: 300000, script: 30000}, unhandledPromptBehavior: dismiss and notify, webauthn:extension:credBlob: true, webauthn:extension:largeBlob: true, webauthn:extension:minPinLength: true, webauthn:extension:prf: true, webauthn:virtualAuthenticators: true}
Element: [[ChromeDriver: chrome on WINDOWS (ed2703acd98746a6bed7ad4827fdd0d2)] -> xpath: //div[contains(@id,':0:pgltWAIDX')]//div]
Session ID: ed2703acd98746a6bed7ad4827fdd0d2
	at tests.techRo.ServiceManagerPartsRelatedTasks.Test_007_clickOnNonCatalogPart(ServiceManagerPartsRelatedTasks.java:121)

Test_008_clickOnCloseButton(tests.techRo.ServiceManagerPartsRelatedTasks)  Time elapsed: 169.539 s  <<< FAILURE!
org.openqa.selenium.NoSuchWindowException: 
no such window: target window already closed
from unknown error: web view not found
  (Session info: chrome=120.0.6099.217)
Build info: version: '4.4.0', revision: 'e5c75ed026a'
System info: host: 'PC-9', ip: '192.168.29.154', os.name: 'Windows 11', os.arch: 'amd64', os.version: '10.0', java.version: '11.0.18'
Driver info: org.openqa.selenium.chrome.ChromeDriver
Command: [ed2703acd98746a6bed7ad4827fdd0d2, findElement {using=xpath, value=//div[contains(@id,':ocb1:ctbClose')]//child::a/span[text()='Close']}]
Capabilities {acceptInsecureCerts: false, browserName: chrome, browserVersion: 120.0.6099.217, chrome: {chromedriverVersion: 120.0.6099.109 (3419140ab66..., userDataDir: C:\Users\pc9-q\AppData\Loca...}, fedcm:accounts: true, goog:chromeOptions: {debuggerAddress: localhost:58461}, networkConnectionEnabled: false, pageLoadStrategy: normal, platformName: WINDOWS, proxy: Proxy(), se:cdp: ws://localhost:58461/devtoo..., se:cdpVersion: 120.0.6099.217, setWindowRect: true, strictFileInteractability: false, timeouts: {implicit: 0, pageLoad: 300000, script: 30000}, unhandledPromptBehavior: dismiss and notify, webauthn:extension:credBlob: true, webauthn:extension:largeBlob: true, webauthn:extension:minPinLength: true, webauthn:extension:prf: true, webauthn:virtualAuthenticators: true}
Session ID: ed2703acd98746a6bed7ad4827fdd0d2
	at tests.techRo.ServiceManagerPartsRelatedTasks.Test_008_clickOnCloseButton(ServiceManagerPartsRelatedTasks.java:130)

afterMethodTakeScreenShot(tests.techRo.ServiceManagerPartsRelatedTasks)  Time elapsed: 169.571 s  <<< FAILURE!
org.openqa.selenium.NoSuchWindowException: 
no such window: target window already closed
from unknown error: web view not found
  (Session info: chrome=120.0.6099.217)
Build info: version: '4.4.0', revision: 'e5c75ed026a'
System info: host: 'PC-9', ip: '192.168.29.154', os.name: 'Windows 11', os.arch: 'amd64', os.version: '10.0', java.version: '11.0.18'
Driver info: org.openqa.selenium.chrome.ChromeDriver
Command: [ed2703acd98746a6bed7ad4827fdd0d2, screenshot {}]
Capabilities {acceptInsecureCerts: false, browserName: chrome, browserVersion: 120.0.6099.217, chrome: {chromedriverVersion: 120.0.6099.109 (3419140ab66..., userDataDir: C:\Users\pc9-q\AppData\Loca...}, fedcm:accounts: true, goog:chromeOptions: {debuggerAddress: localhost:58461}, networkConnectionEnabled: false, pageLoadStrategy: normal, platformName: WINDOWS, proxy: Proxy(), se:cdp: ws://localhost:58461/devtoo..., se:cdpVersion: 120.0.6099.217, setWindowRect: true, strictFileInteractability: false, timeouts: {implicit: 0, pageLoad: 300000, script: 30000}, unhandledPromptBehavior: dismiss and notify, webauthn:extension:credBlob: true, webauthn:extension:largeBlob: true, webauthn:extension:minPinLength: true, webauthn:extension:prf: true, webauthn:virtualAuthenticators: true}
Session ID: ed2703acd98746a6bed7ad4827fdd0d2

