<?xml version="1.0" encoding="UTF-8"?>
<testsuite xmlns:xsi="http://www.w3.org/2001/XMLSchema-instance" xsi:noNamespaceSchemaLocation="https://maven.apache.org/surefire/maven-surefire-plugin/xsd/surefire-test-report.xsd" name="tests.parts.CounterSale" time="16.869" tests="8" errors="0" skipped="7" failures="1">
  <properties>
[...]
</properties>
  <testcase name="initialization" classname="tests.parts.CounterSale" time="5.796">
    <failure message="F:\RefactorScript\src\test\java\utils\countersale\countersaleNA.properties (The system cannot find the file specified)" type="java.io.FileNotFoundException">java.io.FileNotFoundException: F:\RefactorScript\src\test\java\utils\countersale\countersaleNA.properties (The system cannot find the file specified)
</failure>
    <system-out><![CDATA[ configFileName :: F:\RefactorScript/src/test/java/utils/countersale/countersaleNA.properties
]]></system-out>
    <system-err><![CDATA[SLF4J: Failed to load class "org.slf4j.impl.StaticLoggerBinder".
SLF4J: Defaulting to no-operation (NOP) logger implementation
SLF4J: See http://www.slf4j.org/codes.html#StaticLoggerBinder for further details.
Starting ChromeDriver 120.0.6099.109 (3419140ab665596f21b385ce136419fde0924272-refs/branch-heads/6099@{#1483}) on port 58585
Only local connections are allowed.
Please see https://chromedriver.chromium.org/security-considerations for suggestions on keeping ChromeDriver safe.
ChromeDriver was started successfully.
Jan 23, 2024 5:56:45 PM org.openqa.selenium.remote.ProtocolHandshake createSession
INFO: Detected upstream dialect: W3C
Jan 23, 2024 5:56:45 PM org.openqa.selenium.devtools.CdpVersionFinder findNearestMatch
WARNING: Unable to find an exact match for CDP version 120, so returning the closest version found: a no-op implementation
Jan 23, 2024 5:56:45 PM org.openqa.selenium.devtools.CdpVersionFinder findNearestMatch
INFO: Unable to find CDP implementation matching 120.
Jan 23, 2024 5:56:45 PM org.openqa.selenium.chromium.ChromiumDriver lambda$new$3
WARNING: Unable to find version of CDP to use for . You may need to include a dependency on a specific version of the CDP using something similar to `org.seleniumhq.selenium:selenium-devtools-v86:4.4.0` where the version ("v86") matches the version of the chromium-based browser you're using and the version number of the artifact is the same as Selenium's.
]]></system-err>
  </testcase>
  <testcase name="goto_countersaleManager_screen" classname="tests.parts.CounterSale" time="0">
    <skipped/>
  </testcase>
  <testcase name="verify_all_fields" classname="tests.parts.CounterSale" time="0">
    <skipped/>
  </testcase>
  <testcase name="add_new_counter_sale" classname="tests.parts.CounterSale" time="0">
    <skipped/>
  </testcase>
  <testcase name="verify_location_popUp" classname="tests.parts.CounterSale" time="0">
    <skipped/>
  </testcase>
  <testcase name="verify_counter_sale_page" classname="tests.parts.CounterSale" time="0">
    <skipped/>
  </testcase>
  <testcase name="add_parts_in_counter_sale" classname="tests.parts.CounterSale" time="0">
    <skipped/>
  </testcase>
  <testcase name="check_invoice_and_signout" classname="tests.parts.CounterSale" time="0">
    <skipped/>
  </testcase>
</testsuite>