<?xml version="1.0" encoding="UTF-8"?>
<testsuite xmlns:xsi="http://www.w3.org/2001/XMLSchema-instance" xsi:noNamespaceSchemaLocation="https://maven.apache.org/surefire/maven-surefire-plugin/xsd/surefire-test-report.xsd" name="tests.tech.TechWoLabor" time="925.59" tests="10" errors="0" skipped="0" failures="1">
  <properties>
[...]
</properties>
  <testcase name="gotoTechRo" classname="tests.tech.TechWoLabor" time="122.104"/>
  <testcase name="enter_Unit_Number" classname="tests.tech.TechWoLabor" time="46.683"/>
  <testcase name="verifyElement_Click_UnitHistory" classname="tests.tech.TechWoLabor" time="57.904"/>
  <testcase name="clickOn_Labour_MoreWork_VMRSTab" classname="tests.tech.TechWoLabor" time="73.212"/>
  <testcase name="enter_AeroDynamic_Device_First" classname="tests.tech.TechWoLabor" time="37.991"/>
  <testcase name="enter_AeroDynamic_ClickIMG" classname="tests.tech.TechWoLabor" time="61.056"/>
  <testcase name="add_AeroDynamic_Delete_Labour" classname="tests.tech.TechWoLabor" time="121.956"/>
  <testcase name="again_Add_AeroDynamicDevice" classname="tests.tech.TechWoLabor" time="156.361"/>
  <testcase name="enter_AccessoriesGroup_Img" classname="tests.tech.TechWoLabor" time="150.932"/>
  <testcase name="clickOn_SelectButton" classname="tests.tech.TechWoLabor" time="44.192">
    <failure message="element click intercepted: Element &lt;span class=&quot;xfx&quot;&gt;...&lt;/span&gt; is not clickable at point (671, 551). Other element would receive the click: &lt;div class=&quot;AFModalGlassPane&quot; style=&quot;width: 1263px; height: 613px; user-select: none; z-index: 62;&quot;&gt;&lt;/div&gt;&#10;  (Session info: chrome=120.0.6099.225)&#10;Build info: version: &apos;4.4.0&apos;, revision: &apos;e5c75ed026a&apos;&#10;System info: host: &apos;DESKTOP-RH29BD1&apos;, ip: &apos;192.168.1.7&apos;, os.name: &apos;Windows 10&apos;, os.arch: &apos;amd64&apos;, os.version: &apos;10.0&apos;, java.version: &apos;11.0.18&apos;&#10;Driver info: org.openqa.selenium.chrome.ChromeDriver&#10;Command: [f3b448122dc9cff08b792340856558f4, clickElement {id=4A1ABCDFFFCA42EC8E75532E5D8820A5_element_1039}]&#10;Capabilities {acceptInsecureCerts: false, browserName: chrome, browserVersion: 120.0.6099.225, chrome: {chromedriverVersion: 120.0.6099.109 (3419140ab66..., userDataDir: C:\Users\dell\AppData\Local...}, fedcm:accounts: true, goog:chromeOptions: {debuggerAddress: localhost:52295}, networkConnectionEnabled: false, pageLoadStrategy: normal, platformName: WINDOWS, proxy: Proxy(), se:cdp: ws://localhost:52295/devtoo..., se:cdpVersion: 120.0.6099.225, setWindowRect: true, strictFileInteractability: false, timeouts: {implicit: 0, pageLoad: 300000, script: 30000}, unhandledPromptBehavior: dismiss and notify, webauthn:extension:credBlob: true, webauthn:extension:largeBlob: true, webauthn:extension:minPinLength: true, webauthn:extension:prf: true, webauthn:virtualAuthenticators: true}&#10;Element: [[ChromeDriver: chrome on WINDOWS (f3b448122dc9cff08b792340856558f4)] -&gt; xpath: //span[text()=&apos;Add&apos;]]&#10;Session ID: f3b448122dc9cff08b792340856558f4" type="org.openqa.selenium.ElementClickInterceptedException"><![CDATA[org.openqa.selenium.ElementClickInterceptedException: 
element click intercepted: Element <span class="xfx">...</span> is not clickable at point (671, 551). Other element would receive the click: <div class="AFModalGlassPane" style="width: 1263px; height: 613px; user-select: none; z-index: 62;"></div>
  (Session info: chrome=120.0.6099.225)
Build info: version: '4.4.0', revision: 'e5c75ed026a'
System info: host: 'DESKTOP-RH29BD1', ip: '192.168.1.7', os.name: 'Windows 10', os.arch: 'amd64', os.version: '10.0', java.version: '11.0.18'
Driver info: org.openqa.selenium.chrome.ChromeDriver
Command: [f3b448122dc9cff08b792340856558f4, clickElement {id=4A1ABCDFFFCA42EC8E75532E5D8820A5_element_1039}]
Capabilities {acceptInsecureCerts: false, browserName: chrome, browserVersion: 120.0.6099.225, chrome: {chromedriverVersion: 120.0.6099.109 (3419140ab66..., userDataDir: C:\Users\dell\AppData\Local...}, fedcm:accounts: true, goog:chromeOptions: {debuggerAddress: localhost:52295}, networkConnectionEnabled: false, pageLoadStrategy: normal, platformName: WINDOWS, proxy: Proxy(), se:cdp: ws://localhost:52295/devtoo..., se:cdpVersion: 120.0.6099.225, setWindowRect: true, strictFileInteractability: false, timeouts: {implicit: 0, pageLoad: 300000, script: 30000}, unhandledPromptBehavior: dismiss and notify, webauthn:extension:credBlob: true, webauthn:extension:largeBlob: true, webauthn:extension:minPinLength: true, webauthn:extension:prf: true, webauthn:virtualAuthenticators: true}
Element: [[ChromeDriver: chrome on WINDOWS (f3b448122dc9cff08b792340856558f4)] -> xpath: //span[text()='Add']]
Session ID: f3b448122dc9cff08b792340856558f4
	at tests.tech.TechWoLabor.clickOn_SelectButton(TechWoLabor.java:119)
]]></failure>
    <system-out><![CDATA[Loader is not visible
]]></system-out>
  </testcase>
</testsuite>