-------------------------------------------------------------------------------
Test set: tests.tech.TechWoParts
-------------------------------------------------------------------------------
Tests run: 15, Failures: 1, Errors: 0, Skipped: 0, Time elapsed: 903.603 s <<< FAILURE! - in tests.tech.TechWoParts
generateAllure(tests.tech.TechWoParts)  Time elapsed: 98.08 s  <<< FAILURE!
java.io.IOException: Cannot run program "F:\NewGitFinal\RefactorScript\allure-2.13.6\bin\allure.bat": CreateProcess error=2, The system cannot find the file specified
Caused by: java.io.IOException: CreateProcess error=2, The system cannot find the file specified

