-------------------------------------------------------------------------------
Test set: tests.tech.TechWoLabor
-------------------------------------------------------------------------------
Tests run: 22, Failures: 12, Errors: 0, Skipped: 10, Time elapsed: 52.11 s <<< FAILURE! - in tests.tech.TechWoLabor
initialization(tests.tech.TechWoLabor)  Time elapsed: 21.801 s  <<< FAILURE!
org.openqa.selenium.SessionNotCreatedException: 
Could not start a new session. Response code 500. Message: session not created: This version of ChromeDriver only supports Chrome version 114
Current browser version is 121.0.6167.185 with binary path C:\Program Files\Google\Chrome\Application\chrome.exe
Build info: version: '4.4.0', revision: 'e5c75ed026a'
System info: host: 'DESKTOP-HN0C78P', ip: '192.168.1.101', os.name: 'Windows 10', os.arch: 'amd64', os.version: '10.0', java.version: '18.0.1.1'
Driver info: org.openqa.selenium.chrome.ChromeDriver
Command: [null, newSession {capabilities=[Capabilities {browserName: chrome, goog:chromeOptions: {args: [--remote-allow-origins=*, --start-maximized, --window-size=1366,768, --no-sandbox, --disable-popup-blocking, --disable-dev-shm-usage, --disable-gpu, --dns-prefetch-disable, --always-authorize-plugins, enable-automation, --disable-browser-side-navi..., --ignore-certificate-errors, --disable-extensions, --allow-running-insecure-co...], extensions: [], prefs: {}}, pageLoadStrategy: normal}], desiredCapabilities=Capabilities {browserName: chrome, goog:chromeOptions: {args: [--remote-allow-origins=*, --start-maximized, --window-size=1366,768, --no-sandbox, --disable-popup-blocking, --disable-dev-shm-usage, --disable-gpu, --dns-prefetch-disable, --always-authorize-plugins, enable-automation, --disable-browser-side-navi..., --ignore-certificate-errors, --disable-extensions, --allow-running-insecure-co...], extensions: [], prefs: {}}, pageLoadStrategy: normal}}]

afterMethodTakeScreenShot(tests.tech.TechWoLabor)  Time elapsed: 0.127 s  <<< FAILURE!
java.lang.NullPointerException: Cannot invoke "org.openqa.selenium.TakesScreenshot.getScreenshotAs(org.openqa.selenium.OutputType)" because "driver" is null

afterMethodTakeScreenShot(tests.tech.TechWoLabor)  Time elapsed: 0.01 s  <<< FAILURE!
java.lang.NullPointerException: Cannot invoke "org.openqa.selenium.TakesScreenshot.getScreenshotAs(org.openqa.selenium.OutputType)" because "driver" is null

afterMethodTakeScreenShot(tests.tech.TechWoLabor)  Time elapsed: 0.015 s  <<< FAILURE!
java.lang.NullPointerException: Cannot invoke "org.openqa.selenium.TakesScreenshot.getScreenshotAs(org.openqa.selenium.OutputType)" because "driver" is null

afterMethodTakeScreenShot(tests.tech.TechWoLabor)  Time elapsed: 0.01 s  <<< FAILURE!
java.lang.NullPointerException: Cannot invoke "org.openqa.selenium.TakesScreenshot.getScreenshotAs(org.openqa.selenium.OutputType)" because "driver" is null

afterMethodTakeScreenShot(tests.tech.TechWoLabor)  Time elapsed: 0.012 s  <<< FAILURE!
java.lang.NullPointerException: Cannot invoke "org.openqa.selenium.TakesScreenshot.getScreenshotAs(org.openqa.selenium.OutputType)" because "driver" is null

afterMethodTakeScreenShot(tests.tech.TechWoLabor)  Time elapsed: 0.013 s  <<< FAILURE!
java.lang.NullPointerException: Cannot invoke "org.openqa.selenium.TakesScreenshot.getScreenshotAs(org.openqa.selenium.OutputType)" because "driver" is null

afterMethodTakeScreenShot(tests.tech.TechWoLabor)  Time elapsed: 0.02 s  <<< FAILURE!
java.lang.NullPointerException: Cannot invoke "org.openqa.selenium.TakesScreenshot.getScreenshotAs(org.openqa.selenium.OutputType)" because "driver" is null

afterMethodTakeScreenShot(tests.tech.TechWoLabor)  Time elapsed: 0.03 s  <<< FAILURE!
java.lang.NullPointerException: Cannot invoke "org.openqa.selenium.TakesScreenshot.getScreenshotAs(org.openqa.selenium.OutputType)" because "driver" is null

afterMethodTakeScreenShot(tests.tech.TechWoLabor)  Time elapsed: 0.018 s  <<< FAILURE!
java.lang.NullPointerException: Cannot invoke "org.openqa.selenium.TakesScreenshot.getScreenshotAs(org.openqa.selenium.OutputType)" because "driver" is null

afterMethodTakeScreenShot(tests.tech.TechWoLabor)  Time elapsed: 0.017 s  <<< FAILURE!
java.lang.NullPointerException: Cannot invoke "org.openqa.selenium.TakesScreenshot.getScreenshotAs(org.openqa.selenium.OutputType)" because "driver" is null

generateAllure(tests.tech.TechWoLabor)  Time elapsed: 29.338 s  <<< FAILURE!
java.lang.IllegalArgumentException: Input must be set

