<?xml version="1.0" encoding="UTF-8"?>
<testsuite xmlns:xsi="http://www.w3.org/2001/XMLSchema-instance" xsi:noNamespaceSchemaLocation="https://maven.apache.org/surefire/maven-surefire-plugin/xsd/surefire-test-report.xsd" name="tests.techRo.ServiceManagerInvoice" time="16.869" tests="6" errors="0" skipped="5" failures="1">
  <properties>
[...]
</properties>
  <testcase name="initialization" classname="tests.techRo.ServiceManagerInvoice" time="6.254">
    <failure message="F:\GithubFinal\RefactorScript\src\test\java\utils\servicemanagerinvoice\servicemanagerinvoiceNA.properties (The system cannot find the file specified)" type="java.io.FileNotFoundException">java.io.FileNotFoundException: F:\GithubFinal\RefactorScript\src\test\java\utils\servicemanagerinvoice\servicemanagerinvoiceNA.properties (The system cannot find the file specified)
</failure>
    <system-out><![CDATA[ configFileName :: F:\GithubFinal\RefactorScript/src/test/java/utils/servicemanagerinvoice/servicemanagerinvoiceNA.properties
]]></system-out>
    <system-err><![CDATA[SLF4J: Failed to load class "org.slf4j.impl.StaticLoggerBinder".
SLF4J: Defaulting to no-operation (NOP) logger implementation
SLF4J: See http://www.slf4j.org/codes.html#StaticLoggerBinder for further details.
Starting ChromeDriver 121.0.6167.85 (3f98d690ad7e59242ef110144c757b2ac4eef1a2-refs/branch-heads/6167@{#1539}) on port 53019
Only local connections are allowed.
Please see https://chromedriver.chromium.org/security-considerations for suggestions on keeping ChromeDriver safe.
ChromeDriver was started successfully.
Feb 12, 2024 12:02:54 PM org.openqa.selenium.remote.ProtocolHandshake createSession
INFO: Detected upstream dialect: W3C
Feb 12, 2024 12:02:54 PM org.openqa.selenium.devtools.CdpVersionFinder findNearestMatch
WARNING: Unable to find an exact match for CDP version 121, so returning the closest version found: a no-op implementation
Feb 12, 2024 12:02:54 PM org.openqa.selenium.devtools.CdpVersionFinder findNearestMatch
INFO: Unable to find CDP implementation matching 121.
Feb 12, 2024 12:02:54 PM org.openqa.selenium.chromium.ChromiumDriver lambda$new$3
WARNING: Unable to find version of CDP to use for . You may need to include a dependency on a specific version of the CDP using something similar to `org.seleniumhq.selenium:selenium-devtools-v86:4.4.0` where the version ("v86") matches the version of the chromium-based browser you're using and the version number of the artifact is the same as Selenium's.
]]></system-err>
  </testcase>
  <testcase name="Test_001_gotoCompleteRo" classname="tests.techRo.ServiceManagerInvoice" time="0">
    <skipped/>
  </testcase>
  <testcase name="Test_002_verifyElement" classname="tests.techRo.ServiceManagerInvoice" time="0">
    <skipped/>
  </testcase>
  <testcase name="Test_003_inputRoNumber" classname="tests.techRo.ServiceManagerInvoice" time="0">
    <skipped/>
  </testcase>
  <testcase name="Test_004_clickReferenceNumber" classname="tests.techRo.ServiceManagerInvoice" time="0">
    <skipped/>
  </testcase>
  <testcase name="Test_005_enterYesterdayDate" classname="tests.techRo.ServiceManagerInvoice" time="0">
    <skipped/>
  </testcase>
</testsuite>