<?xml version="1.0" encoding="UTF-8"?>
<testng-results total="18" passed="18" failed="0" skipped="0">
  <reporter-output>
  </reporter-output>
  <suite started-at="2024-01-22T15:26:13Z" name="Surefire suite" finished-at="2024-01-22T15:42:19Z" duration-ms="965608">
    <groups>
    </groups>
    <test started-at="2024-01-22T15:26:13Z" name="Surefire test" finished-at="2024-01-22T15:42:19Z" duration-ms="965608">
      <class name="tests.service.ServiceManagerWoLabor">
        <test-method is-config="true" signature="initialization()[pri:0, instance:tests.service.ServiceManagerWoLabor@70807224]" started-at="2024-01-22T20:56:13Z" name="initialization" finished-at="2024-01-22T20:57:00Z" duration-ms="46768" status="PASS">
          <reporter-output>
          </reporter-output>
        </test-method> <!-- initialization -->
        <test-method signature="gotoCompleteRoScreen()[pri:0, instance:tests.service.ServiceManagerWoLabor@70807224]" started-at="2024-01-22T20:57:00Z" name="gotoCompleteRoScreen" description="Login the page and go to the CompleteRo" finished-at="2024-01-22T20:58:05Z" duration-ms="65321" status="PASS">
          <reporter-output>
          </reporter-output>
        </test-method> <!-- gotoCompleteRoScreen -->
        <test-method is-config="true" signature="afterMethodTakeScreenShot(org.testng.ITestResult)[pri:0, instance:tests.service.ServiceManagerWoLabor@70807224]" started-at="2024-01-22T20:58:06Z" name="afterMethodTakeScreenShot" finished-at="2024-01-22T20:58:06Z" duration-ms="199" status="PASS">
          <params>
            <param index="0">
              <value>
                <![CDATA[[TestResult name=gotoCompleteRoScreen status=SUCCESS method=ServiceManagerWoLabor.gotoCompleteRoScreen()[pri:0, instance:tests.service.ServiceManagerWoLabor@70807224] output={null}]]]>
              </value>
            </param>
          </params>
          <reporter-output>
          </reporter-output>
        </test-method> <!-- afterMethodTakeScreenShot -->
        <test-method signature="verifyAllElements()[pri:1, instance:tests.service.ServiceManagerWoLabor@70807224]" started-at="2024-01-22T20:58:06Z" name="verifyAllElements" description="Verify all the WebElements on the web page " finished-at="2024-01-22T20:58:21Z" duration-ms="14790" status="PASS">
          <reporter-output>
          </reporter-output>
        </test-method> <!-- verifyAllElements -->
        <test-method is-config="true" signature="afterMethodTakeScreenShot(org.testng.ITestResult)[pri:0, instance:tests.service.ServiceManagerWoLabor@70807224]" started-at="2024-01-22T20:58:21Z" name="afterMethodTakeScreenShot" finished-at="2024-01-22T20:58:21Z" duration-ms="177" status="PASS">
          <params>
            <param index="0">
              <value>
                <![CDATA[[TestResult name=verifyAllElements status=SUCCESS method=ServiceManagerWoLabor.verifyAllElements()[pri:1, instance:tests.service.ServiceManagerWoLabor@70807224] output={null}]]]>
              </value>
            </param>
          </params>
          <reporter-output>
          </reporter-output>
        </test-method> <!-- afterMethodTakeScreenShot -->
        <test-method signature="clickOnRONumber_VerifyElements()[pri:2, instance:tests.service.ServiceManagerWoLabor@70807224]" started-at="2024-01-22T20:58:21Z" name="clickOnRONumber_VerifyElements" description="Click on RO Number and verify the elements" finished-at="2024-01-22T20:59:07Z" duration-ms="46212" status="PASS">
          <reporter-output>
          </reporter-output>
        </test-method> <!-- clickOnRONumber_VerifyElements -->
        <test-method is-config="true" signature="afterMethodTakeScreenShot(org.testng.ITestResult)[pri:0, instance:tests.service.ServiceManagerWoLabor@70807224]" started-at="2024-01-22T20:59:07Z" name="afterMethodTakeScreenShot" finished-at="2024-01-22T20:59:08Z" duration-ms="115" status="PASS">
          <params>
            <param index="0">
              <value>
                <![CDATA[[TestResult name=clickOnRONumber_VerifyElements status=SUCCESS method=ServiceManagerWoLabor.clickOnRONumber_VerifyElements()[pri:2, instance:tests.service.ServiceManagerWoLabor@70807224] output={null}]]]>
              </value>
            </param>
          </params>
          <reporter-output>
          </reporter-output>
        </test-method> <!-- afterMethodTakeScreenShot -->
        <test-method signature="ClickInternalLink_and_EnterText()[pri:3, instance:tests.service.ServiceManagerWoLabor@70807224]" started-at="2024-01-22T20:59:08Z" name="ClickInternalLink_and_EnterText" description="Check that click on Internal Link and enter the text in Internal Note field" finished-at="2024-01-22T21:00:12Z" duration-ms="64429" status="PASS">
          <reporter-output>
          </reporter-output>
        </test-method> <!-- ClickInternalLink_and_EnterText -->
        <test-method is-config="true" signature="afterMethodTakeScreenShot(org.testng.ITestResult)[pri:0, instance:tests.service.ServiceManagerWoLabor@70807224]" started-at="2024-01-22T21:00:12Z" name="afterMethodTakeScreenShot" finished-at="2024-01-22T21:00:12Z" duration-ms="175" status="PASS">
          <params>
            <param index="0">
              <value>
                <![CDATA[[TestResult name=ClickInternalLink_and_EnterText status=SUCCESS method=ServiceManagerWoLabor.ClickInternalLink_and_EnterText()[pri:3, instance:tests.service.ServiceManagerWoLabor@70807224] output={null}]]]>
              </value>
            </param>
          </params>
          <reporter-output>
          </reporter-output>
        </test-method> <!-- afterMethodTakeScreenShot -->
        <test-method signature="clickOnThisIsStandardNote_EnterInternalNote()[pri:4, instance:tests.service.ServiceManagerWoLabor@70807224]" started-at="2024-01-22T21:00:12Z" name="clickOnThisIsStandardNote_EnterInternalNote" description="Check that click on This is Standard Note and enter the text in Internal Note field" finished-at="2024-01-22T21:01:15Z" duration-ms="63059" status="PASS">
          <reporter-output>
          </reporter-output>
        </test-method> <!-- clickOnThisIsStandardNote_EnterInternalNote -->
        <test-method is-config="true" signature="afterMethodTakeScreenShot(org.testng.ITestResult)[pri:0, instance:tests.service.ServiceManagerWoLabor@70807224]" started-at="2024-01-22T21:01:15Z" name="afterMethodTakeScreenShot" finished-at="2024-01-22T21:01:16Z" duration-ms="119" status="PASS">
          <params>
            <param index="0">
              <value>
                <![CDATA[[TestResult name=clickOnThisIsStandardNote_EnterInternalNote status=SUCCESS method=ServiceManagerWoLabor.clickOnThisIsStandardNote_EnterInternalNote()[pri:4, instance:tests.service.ServiceManagerWoLabor@70807224] output={null}]]]>
              </value>
            </param>
          </params>
          <reporter-output>
          </reporter-output>
        </test-method> <!-- afterMethodTakeScreenShot -->
        <test-method signature="clickOnNotes_and_EnterTextInNoteField()[pri:5, instance:tests.service.ServiceManagerWoLabor@70807224]" started-at="2024-01-22T21:01:16Z" name="clickOnNotes_and_EnterTextInNoteField" description="Check that click On Note link, verify the element and enter text in note field and save it " finished-at="2024-01-22T21:02:18Z" duration-ms="62877" status="PASS">
          <reporter-output>
          </reporter-output>
        </test-method> <!-- clickOnNotes_and_EnterTextInNoteField -->
        <test-method is-config="true" signature="afterMethodTakeScreenShot(org.testng.ITestResult)[pri:0, instance:tests.service.ServiceManagerWoLabor@70807224]" started-at="2024-01-22T21:02:19Z" name="afterMethodTakeScreenShot" finished-at="2024-01-22T21:02:19Z" duration-ms="140" status="PASS">
          <params>
            <param index="0">
              <value>
                <![CDATA[[TestResult name=clickOnNotes_and_EnterTextInNoteField status=SUCCESS method=ServiceManagerWoLabor.clickOnNotes_and_EnterTextInNoteField()[pri:5, instance:tests.service.ServiceManagerWoLabor@70807224] output={null}]]]>
              </value>
            </param>
          </params>
          <reporter-output>
          </reporter-output>
        </test-method> <!-- afterMethodTakeScreenShot -->
        <test-method signature="verifyAuthorizedBy_and_ClickOnLink()[pri:6, instance:tests.service.ServiceManagerWoLabor@70807224]" started-at="2024-01-22T21:02:19Z" name="verifyAuthorizedBy_and_ClickOnLink" description="Verify Authorized By and click on the link of Authorized By" finished-at="2024-01-22T21:02:50Z" duration-ms="31539" status="PASS">
          <reporter-output>
          </reporter-output>
        </test-method> <!-- verifyAuthorizedBy_and_ClickOnLink -->
        <test-method is-config="true" signature="afterMethodTakeScreenShot(org.testng.ITestResult)[pri:0, instance:tests.service.ServiceManagerWoLabor@70807224]" started-at="2024-01-22T21:02:50Z" name="afterMethodTakeScreenShot" finished-at="2024-01-22T21:02:51Z" duration-ms="166" status="PASS">
          <params>
            <param index="0">
              <value>
                <![CDATA[[TestResult name=verifyAuthorizedBy_and_ClickOnLink status=SUCCESS method=ServiceManagerWoLabor.verifyAuthorizedBy_and_ClickOnLink()[pri:6, instance:tests.service.ServiceManagerWoLabor@70807224] output={null}]]]>
              </value>
            </param>
          </params>
          <reporter-output>
          </reporter-output>
        </test-method> <!-- afterMethodTakeScreenShot -->
        <test-method signature="clickOnAdd_and_EntertheText()[pri:7, instance:tests.service.ServiceManagerWoLabor@70807224]" started-at="2024-01-22T21:02:51Z" name="clickOnAdd_and_EntertheText" description="Check that click on Add button and enter the text in name field and save it" finished-at="2024-01-22T21:04:01Z" duration-ms="70396" status="PASS">
          <reporter-output>
          </reporter-output>
        </test-method> <!-- clickOnAdd_and_EntertheText -->
        <test-method is-config="true" signature="afterMethodTakeScreenShot(org.testng.ITestResult)[pri:0, instance:tests.service.ServiceManagerWoLabor@70807224]" started-at="2024-01-22T21:04:01Z" name="afterMethodTakeScreenShot" finished-at="2024-01-22T21:04:01Z" duration-ms="130" status="PASS">
          <params>
            <param index="0">
              <value>
                <![CDATA[[TestResult name=clickOnAdd_and_EntertheText status=SUCCESS method=ServiceManagerWoLabor.clickOnAdd_and_EntertheText()[pri:7, instance:tests.service.ServiceManagerWoLabor@70807224] output={null}]]]>
              </value>
            </param>
          </params>
          <reporter-output>
          </reporter-output>
        </test-method> <!-- afterMethodTakeScreenShot -->
        <test-method signature="ennterLastName_and_clickOnSelectBtn()[pri:8, instance:tests.service.ServiceManagerWoLabor@70807224]" started-at="2024-01-22T21:04:01Z" name="ennterLastName_and_clickOnSelectBtn" description="Check that enter last name, verify the element and click on select button " finished-at="2024-01-22T21:04:39Z" duration-ms="37602" status="PASS">
          <reporter-output>
          </reporter-output>
        </test-method> <!-- ennterLastName_and_clickOnSelectBtn -->
        <test-method is-config="true" signature="afterMethodTakeScreenShot(org.testng.ITestResult)[pri:0, instance:tests.service.ServiceManagerWoLabor@70807224]" started-at="2024-01-22T21:04:39Z" name="afterMethodTakeScreenShot" finished-at="2024-01-22T21:04:39Z" duration-ms="118" status="PASS">
          <params>
            <param index="0">
              <value>
                <![CDATA[[TestResult name=ennterLastName_and_clickOnSelectBtn status=SUCCESS method=ServiceManagerWoLabor.ennterLastName_and_clickOnSelectBtn()[pri:8, instance:tests.service.ServiceManagerWoLabor@70807224] output={null}]]]>
              </value>
            </param>
          </params>
          <reporter-output>
          </reporter-output>
        </test-method> <!-- afterMethodTakeScreenShot -->
        <test-method signature="verifyElementofMainScreen()[pri:9, instance:tests.service.ServiceManagerWoLabor@70807224]" started-at="2024-01-22T21:04:39Z" name="verifyElementofMainScreen" description=" Check that the selected contact is reflected in the main screen" finished-at="2024-01-22T21:05:12Z" duration-ms="32748" status="PASS">
          <reporter-output>
          </reporter-output>
        </test-method> <!-- verifyElementofMainScreen -->
        <test-method is-config="true" signature="afterMethodTakeScreenShot(org.testng.ITestResult)[pri:0, instance:tests.service.ServiceManagerWoLabor@70807224]" started-at="2024-01-22T21:05:12Z" name="afterMethodTakeScreenShot" finished-at="2024-01-22T21:05:12Z" duration-ms="114" status="PASS">
          <params>
            <param index="0">
              <value>
                <![CDATA[[TestResult name=verifyElementofMainScreen status=SUCCESS method=ServiceManagerWoLabor.verifyElementofMainScreen()[pri:9, instance:tests.service.ServiceManagerWoLabor@70807224] output={null}]]]>
              </value>
            </param>
          </params>
          <reporter-output>
          </reporter-output>
        </test-method> <!-- afterMethodTakeScreenShot -->
        <test-method signature="clickOnRoStatus_and_CloseButton()[pri:10, instance:tests.service.ServiceManagerWoLabor@70807224]" started-at="2024-01-22T21:05:12Z" name="clickOnRoStatus_and_CloseButton" description="Check that click on Ro Status, verify the element and click on close button" finished-at="2024-01-22T21:06:02Z" duration-ms="49827" status="PASS">
          <reporter-output>
          </reporter-output>
        </test-method> <!-- clickOnRoStatus_and_CloseButton -->
        <test-method is-config="true" signature="afterMethodTakeScreenShot(org.testng.ITestResult)[pri:0, instance:tests.service.ServiceManagerWoLabor@70807224]" started-at="2024-01-22T21:06:02Z" name="afterMethodTakeScreenShot" finished-at="2024-01-22T21:06:02Z" duration-ms="113" status="PASS">
          <params>
            <param index="0">
              <value>
                <![CDATA[[TestResult name=clickOnRoStatus_and_CloseButton status=SUCCESS method=ServiceManagerWoLabor.clickOnRoStatus_and_CloseButton()[pri:10, instance:tests.service.ServiceManagerWoLabor@70807224] output={null}]]]>
              </value>
            </param>
          </params>
          <reporter-output>
          </reporter-output>
        </test-method> <!-- afterMethodTakeScreenShot -->
        <test-method signature="clickOnWIPStatus_and_clickCancle()[pri:11, instance:tests.service.ServiceManagerWoLabor@70807224]" started-at="2024-01-22T21:06:02Z" name="clickOnWIPStatus_and_clickCancle" description="Check that click on WIP status, verify the element and click on cancle" finished-at="2024-01-22T21:07:00Z" duration-ms="58141" status="PASS">
          <reporter-output>
          </reporter-output>
        </test-method> <!-- clickOnWIPStatus_and_clickCancle -->
        <test-method is-config="true" signature="afterMethodTakeScreenShot(org.testng.ITestResult)[pri:0, instance:tests.service.ServiceManagerWoLabor@70807224]" started-at="2024-01-22T21:07:00Z" name="afterMethodTakeScreenShot" finished-at="2024-01-22T21:07:01Z" duration-ms="108" status="PASS">
          <params>
            <param index="0">
              <value>
                <![CDATA[[TestResult name=clickOnWIPStatus_and_clickCancle status=SUCCESS method=ServiceManagerWoLabor.clickOnWIPStatus_and_clickCancle()[pri:11, instance:tests.service.ServiceManagerWoLabor@70807224] output={null}]]]>
              </value>
            </param>
          </params>
          <reporter-output>
          </reporter-output>
        </test-method> <!-- afterMethodTakeScreenShot -->
        <test-method signature="clickOnTypelink_and_clickOnSelect()[pri:12, instance:tests.service.ServiceManagerWoLabor@70807224]" started-at="2024-01-22T21:07:01Z" name="clickOnTypelink_and_clickOnSelect" description="Check that click on Type hyperlink, verify the element and click on select button" finished-at="2024-01-22T21:07:59Z" duration-ms="58292" status="PASS">
          <reporter-output>
          </reporter-output>
        </test-method> <!-- clickOnTypelink_and_clickOnSelect -->
        <test-method is-config="true" signature="afterMethodTakeScreenShot(org.testng.ITestResult)[pri:0, instance:tests.service.ServiceManagerWoLabor@70807224]" started-at="2024-01-22T21:07:59Z" name="afterMethodTakeScreenShot" finished-at="2024-01-22T21:07:59Z" duration-ms="116" status="PASS">
          <params>
            <param index="0">
              <value>
                <![CDATA[[TestResult name=clickOnTypelink_and_clickOnSelect status=SUCCESS method=ServiceManagerWoLabor.clickOnTypelink_and_clickOnSelect()[pri:12, instance:tests.service.ServiceManagerWoLabor@70807224] output={null}]]]>
              </value>
            </param>
          </params>
          <reporter-output>
          </reporter-output>
        </test-method> <!-- afterMethodTakeScreenShot -->
        <test-method signature="clickOnInvoiceTohyperlink_and_clickOnCancle()[pri:13, instance:tests.service.ServiceManagerWoLabor@70807224]" started-at="2024-01-22T21:07:59Z" name="clickOnInvoiceTohyperlink_and_clickOnCancle" description="Check that click on InvoiceTo hyperlink, verify element and click on cancle button" finished-at="2024-01-22T21:08:53Z" duration-ms="53960" status="PASS">
          <reporter-output>
          </reporter-output>
        </test-method> <!-- clickOnInvoiceTohyperlink_and_clickOnCancle -->
        <test-method is-config="true" signature="afterMethodTakeScreenShot(org.testng.ITestResult)[pri:0, instance:tests.service.ServiceManagerWoLabor@70807224]" started-at="2024-01-22T21:08:53Z" name="afterMethodTakeScreenShot" finished-at="2024-01-22T21:08:53Z" duration-ms="115" status="PASS">
          <params>
            <param index="0">
              <value>
                <![CDATA[[TestResult name=clickOnInvoiceTohyperlink_and_clickOnCancle status=SUCCESS method=ServiceManagerWoLabor.clickOnInvoiceTohyperlink_and_clickOnCancle()[pri:13, instance:tests.service.ServiceManagerWoLabor@70807224] output={null}]]]>
              </value>
            </param>
          </params>
          <reporter-output>
          </reporter-output>
        </test-method> <!-- afterMethodTakeScreenShot -->
        <test-method signature="clickViewProfitLoss_and_clickOk()[pri:14, instance:tests.service.ServiceManagerWoLabor@70807224]" started-at="2024-01-22T21:08:53Z" name="clickViewProfitLoss_and_clickOk" description="Check that click on View Profit and Loss hyperlink,verify and click Ok" finished-at="2024-01-22T21:09:44Z" duration-ms="50322" status="PASS">
          <reporter-output>
          </reporter-output>
        </test-method> <!-- clickViewProfitLoss_and_clickOk -->
        <test-method is-config="true" signature="afterMethodTakeScreenShot(org.testng.ITestResult)[pri:0, instance:tests.service.ServiceManagerWoLabor@70807224]" started-at="2024-01-22T21:09:44Z" name="afterMethodTakeScreenShot" finished-at="2024-01-22T21:09:44Z" duration-ms="119" status="PASS">
          <params>
            <param index="0">
              <value>
                <![CDATA[[TestResult name=clickViewProfitLoss_and_clickOk status=SUCCESS method=ServiceManagerWoLabor.clickViewProfitLoss_and_clickOk()[pri:14, instance:tests.service.ServiceManagerWoLabor@70807224] output={null}]]]>
              </value>
            </param>
          </params>
          <reporter-output>
          </reporter-output>
        </test-method> <!-- afterMethodTakeScreenShot -->
        <test-method signature="clickOn_ShowLabourDetails_Number_ShowPartsDetails()[pri:15, instance:tests.service.ServiceManagerWoLabor@70807224]" started-at="2024-01-22T21:09:44Z" name="clickOn_ShowLabourDetails_Number_ShowPartsDetails" description="Check that click on Show labour Details,Number and Show parts Details" finished-at="2024-01-22T21:10:29Z" duration-ms="45269" status="PASS">
          <reporter-output>
          </reporter-output>
        </test-method> <!-- clickOn_ShowLabourDetails_Number_ShowPartsDetails -->
        <test-method is-config="true" signature="afterMethodTakeScreenShot(org.testng.ITestResult)[pri:0, instance:tests.service.ServiceManagerWoLabor@70807224]" started-at="2024-01-22T21:10:29Z" name="afterMethodTakeScreenShot" finished-at="2024-01-22T21:10:29Z" duration-ms="148" status="PASS">
          <params>
            <param index="0">
              <value>
                <![CDATA[[TestResult name=clickOn_ShowLabourDetails_Number_ShowPartsDetails status=SUCCESS method=ServiceManagerWoLabor.clickOn_ShowLabourDetails_Number_ShowPartsDetails()[pri:15, instance:tests.service.ServiceManagerWoLabor@70807224] output={null}]]]>
              </value>
            </param>
          </params>
          <reporter-output>
          </reporter-output>
        </test-method> <!-- afterMethodTakeScreenShot -->
        <test-method signature="clickOnBacktoCompleteRo_and_ReferenceNumber()[pri:16, instance:tests.service.ServiceManagerWoLabor@70807224]" started-at="2024-01-22T21:10:29Z" name="clickOnBacktoCompleteRo_and_ReferenceNumber" description="Check that click on Back to Complete RO and reference number" finished-at="2024-01-22T21:11:15Z" duration-ms="45604" status="PASS">
          <reporter-output>
          </reporter-output>
        </test-method> <!-- clickOnBacktoCompleteRo_and_ReferenceNumber -->
        <test-method is-config="true" signature="afterMethodTakeScreenShot(org.testng.ITestResult)[pri:0, instance:tests.service.ServiceManagerWoLabor@70807224]" started-at="2024-01-22T21:11:15Z" name="afterMethodTakeScreenShot" finished-at="2024-01-22T21:11:15Z" duration-ms="132" status="PASS">
          <params>
            <param index="0">
              <value>
                <![CDATA[[TestResult name=clickOnBacktoCompleteRo_and_ReferenceNumber status=SUCCESS method=ServiceManagerWoLabor.clickOnBacktoCompleteRo_and_ReferenceNumber()[pri:16, instance:tests.service.ServiceManagerWoLabor@70807224] output={null}]]]>
              </value>
            </param>
          </params>
          <reporter-output>
          </reporter-output>
        </test-method> <!-- afterMethodTakeScreenShot -->
        <test-method signature="clickOnUpdateRates_and_SignOut()[pri:17, instance:tests.service.ServiceManagerWoLabor@70807224]" started-at="2024-01-22T21:11:15Z" name="clickOnUpdateRates_and_SignOut" description="Check that click on update Rates hyperlink and sign out the page" finished-at="2024-01-22T21:12:19Z" duration-ms="63463" status="PASS">
          <reporter-output>
          </reporter-output>
        </test-method> <!-- clickOnUpdateRates_and_SignOut -->
        <test-method is-config="true" signature="afterMethodTakeScreenShot(org.testng.ITestResult)[pri:0, instance:tests.service.ServiceManagerWoLabor@70807224]" started-at="2024-01-22T21:12:19Z" name="afterMethodTakeScreenShot" finished-at="2024-01-22T21:12:19Z" duration-ms="98" status="PASS">
          <params>
            <param index="0">
              <value>
                <![CDATA[[TestResult name=clickOnUpdateRates_and_SignOut status=SUCCESS method=ServiceManagerWoLabor.clickOnUpdateRates_and_SignOut()[pri:17, instance:tests.service.ServiceManagerWoLabor@70807224] output={null}]]]>
              </value>
            </param>
          </params>
          <reporter-output>
          </reporter-output>
        </test-method> <!-- afterMethodTakeScreenShot -->
        <test-method is-config="true" signature="generateAllure()[pri:0, instance:tests.service.ServiceManagerWoLabor@70807224]" started-at="2024-01-22T21:12:19Z" name="generateAllure" finished-at="2024-01-22T21:12:34Z" duration-ms="15322" status="PASS">
          <reporter-output>
          </reporter-output>
        </test-method> <!-- generateAllure -->
      </class> <!-- tests.service.ServiceManagerWoLabor -->
    </test> <!-- Surefire test -->
  </suite> <!-- Surefire suite -->
</testng-results>
