-------------------------------------------------------------------------------
Test set: tests.ticket.UnableToRemoveCoreLink_CONVOY
-------------------------------------------------------------------------------
Tests run: 9, Failures: 1, Errors: 0, Skipped: 0, Time elapsed: 745.396 s <<< FAILURE! - in tests.ticket.UnableToRemoveCoreLink_CONVOY
generateAllure(tests.ticket.UnableToRemoveCoreLink_CONVOY)  Time elapsed: 41.351 s  <<< FAILURE!
java.io.IOException: Cannot run program "F:\NewGitFinal\RefactorScript\allure-2.13.6\bin\allure.bat": CreateProcess error=2, The system cannot find the file specified
Caused by: java.io.IOException: CreateProcess error=2, The system cannot find the file specified

