<?xml version="1.0" encoding="UTF-8"?>
<testsuite xmlns:xsi="http://www.w3.org/2001/XMLSchema-instance" xsi:noNamespaceSchemaLocation="https://maven.apache.org/surefire/maven-surefire-plugin/xsd/surefire-test-report.xsd" name="tests.tech.TechWoLabor" time="52.11" tests="22" errors="0" skipped="10" failures="12">
  <properties>
[...]
</properties>
  <testcase name="initialization" classname="tests.tech.TechWoLabor" time="21.801">
    <failure message="Could not start a new session. Response code 500. Message: session not created: This version of ChromeDriver only supports Chrome version 114&#10;Current browser version is 121.0.6167.185 with binary path C:\Program Files\Google\Chrome\Application\chrome.exe&#10;Build info: version: &apos;4.4.0&apos;, revision: &apos;e5c75ed026a&apos;&#10;System info: host: &apos;DESKTOP-HN0C78P&apos;, ip: &apos;192.168.1.101&apos;, os.name: &apos;Windows 10&apos;, os.arch: &apos;amd64&apos;, os.version: &apos;10.0&apos;, java.version: &apos;18.0.1.1&apos;&#10;Driver info: org.openqa.selenium.chrome.ChromeDriver&#10;Command: [null, newSession {capabilities=[Capabilities {browserName: chrome, goog:chromeOptions: {args: [--remote-allow-origins=*, --start-maximized, --window-size=1366,768, --no-sandbox, --disable-popup-blocking, --disable-dev-shm-usage, --disable-gpu, --dns-prefetch-disable, --always-authorize-plugins, enable-automation, --disable-browser-side-navi..., --ignore-certificate-errors, --disable-extensions, --allow-running-insecure-co...], extensions: [], prefs: {}}, pageLoadStrategy: normal}], desiredCapabilities=Capabilities {browserName: chrome, goog:chromeOptions: {args: [--remote-allow-origins=*, --start-maximized, --window-size=1366,768, --no-sandbox, --disable-popup-blocking, --disable-dev-shm-usage, --disable-gpu, --dns-prefetch-disable, --always-authorize-plugins, enable-automation, --disable-browser-side-navi..., --ignore-certificate-errors, --disable-extensions, --allow-running-insecure-co...], extensions: [], prefs: {}}, pageLoadStrategy: normal}}]" type="org.openqa.selenium.SessionNotCreatedException">org.openqa.selenium.SessionNotCreatedException: 
Could not start a new session. Response code 500. Message: session not created: This version of ChromeDriver only supports Chrome version 114
Current browser version is 121.0.6167.185 with binary path C:\Program Files\Google\Chrome\Application\chrome.exe
Build info: version: '4.4.0', revision: 'e5c75ed026a'
System info: host: 'DESKTOP-HN0C78P', ip: '192.168.1.101', os.name: 'Windows 10', os.arch: 'amd64', os.version: '10.0', java.version: '18.0.1.1'
Driver info: org.openqa.selenium.chrome.ChromeDriver
Command: [null, newSession {capabilities=[Capabilities {browserName: chrome, goog:chromeOptions: {args: [--remote-allow-origins=*, --start-maximized, --window-size=1366,768, --no-sandbox, --disable-popup-blocking, --disable-dev-shm-usage, --disable-gpu, --dns-prefetch-disable, --always-authorize-plugins, enable-automation, --disable-browser-side-navi..., --ignore-certificate-errors, --disable-extensions, --allow-running-insecure-co...], extensions: [], prefs: {}}, pageLoadStrategy: normal}], desiredCapabilities=Capabilities {browserName: chrome, goog:chromeOptions: {args: [--remote-allow-origins=*, --start-maximized, --window-size=1366,768, --no-sandbox, --disable-popup-blocking, --disable-dev-shm-usage, --disable-gpu, --dns-prefetch-disable, --always-authorize-plugins, enable-automation, --disable-browser-side-navi..., --ignore-certificate-errors, --disable-extensions, --allow-running-insecure-co...], extensions: [], prefs: {}}, pageLoadStrategy: normal}}]
</failure>
    <system-err><![CDATA[SLF4J: Failed to load class "org.slf4j.impl.StaticLoggerBinder".
SLF4J: Defaulting to no-operation (NOP) logger implementation
SLF4J: See http://www.slf4j.org/codes.html#StaticLoggerBinder for further details.
Starting ChromeDriver 114.0.5735.90 (386bc09e8f4f2e025eddae123f36f6263096ae49-refs/branch-heads/5735@{#1052}) on port 65349
Only local connections are allowed.
Please see https://chromedriver.chromium.org/security-considerations for suggestions on keeping ChromeDriver safe.
ChromeDriver was started successfully.
]]></system-err>
  </testcase>
  <testcase name="gotoTechRo" classname="tests.tech.TechWoLabor" time="0">
    <skipped/>
  </testcase>
  <testcase name="afterMethodTakeScreenShot" classname="tests.tech.TechWoLabor" time="0.127">
    <failure message="Cannot invoke &quot;org.openqa.selenium.TakesScreenshot.getScreenshotAs(org.openqa.selenium.OutputType)&quot; because &quot;driver&quot; is null" type="java.lang.NullPointerException">java.lang.NullPointerException: Cannot invoke "org.openqa.selenium.TakesScreenshot.getScreenshotAs(org.openqa.selenium.OutputType)" because "driver" is null
</failure>
  </testcase>
  <testcase name="afterMethodTakeScreenShot" classname="tests.tech.TechWoLabor" time="0.01">
    <failure message="Cannot invoke &quot;org.openqa.selenium.TakesScreenshot.getScreenshotAs(org.openqa.selenium.OutputType)&quot; because &quot;driver&quot; is null" type="java.lang.NullPointerException">java.lang.NullPointerException: Cannot invoke "org.openqa.selenium.TakesScreenshot.getScreenshotAs(org.openqa.selenium.OutputType)" because "driver" is null
</failure>
  </testcase>
  <testcase name="afterMethodTakeScreenShot" classname="tests.tech.TechWoLabor" time="0.015">
    <failure message="Cannot invoke &quot;org.openqa.selenium.TakesScreenshot.getScreenshotAs(org.openqa.selenium.OutputType)&quot; because &quot;driver&quot; is null" type="java.lang.NullPointerException">java.lang.NullPointerException: Cannot invoke "org.openqa.selenium.TakesScreenshot.getScreenshotAs(org.openqa.selenium.OutputType)" because "driver" is null
</failure>
  </testcase>
  <testcase name="afterMethodTakeScreenShot" classname="tests.tech.TechWoLabor" time="0.01">
    <failure message="Cannot invoke &quot;org.openqa.selenium.TakesScreenshot.getScreenshotAs(org.openqa.selenium.OutputType)&quot; because &quot;driver&quot; is null" type="java.lang.NullPointerException">java.lang.NullPointerException: Cannot invoke "org.openqa.selenium.TakesScreenshot.getScreenshotAs(org.openqa.selenium.OutputType)" because "driver" is null
</failure>
  </testcase>
  <testcase name="afterMethodTakeScreenShot" classname="tests.tech.TechWoLabor" time="0.012">
    <failure message="Cannot invoke &quot;org.openqa.selenium.TakesScreenshot.getScreenshotAs(org.openqa.selenium.OutputType)&quot; because &quot;driver&quot; is null" type="java.lang.NullPointerException">java.lang.NullPointerException: Cannot invoke "org.openqa.selenium.TakesScreenshot.getScreenshotAs(org.openqa.selenium.OutputType)" because "driver" is null
</failure>
  </testcase>
  <testcase name="afterMethodTakeScreenShot" classname="tests.tech.TechWoLabor" time="0.013">
    <failure message="Cannot invoke &quot;org.openqa.selenium.TakesScreenshot.getScreenshotAs(org.openqa.selenium.OutputType)&quot; because &quot;driver&quot; is null" type="java.lang.NullPointerException">java.lang.NullPointerException: Cannot invoke "org.openqa.selenium.TakesScreenshot.getScreenshotAs(org.openqa.selenium.OutputType)" because "driver" is null
</failure>
  </testcase>
  <testcase name="afterMethodTakeScreenShot" classname="tests.tech.TechWoLabor" time="0.02">
    <failure message="Cannot invoke &quot;org.openqa.selenium.TakesScreenshot.getScreenshotAs(org.openqa.selenium.OutputType)&quot; because &quot;driver&quot; is null" type="java.lang.NullPointerException">java.lang.NullPointerException: Cannot invoke "org.openqa.selenium.TakesScreenshot.getScreenshotAs(org.openqa.selenium.OutputType)" because "driver" is null
</failure>
  </testcase>
  <testcase name="afterMethodTakeScreenShot" classname="tests.tech.TechWoLabor" time="0.03">
    <failure message="Cannot invoke &quot;org.openqa.selenium.TakesScreenshot.getScreenshotAs(org.openqa.selenium.OutputType)&quot; because &quot;driver&quot; is null" type="java.lang.NullPointerException">java.lang.NullPointerException: Cannot invoke "org.openqa.selenium.TakesScreenshot.getScreenshotAs(org.openqa.selenium.OutputType)" because "driver" is null
</failure>
  </testcase>
  <testcase name="afterMethodTakeScreenShot" classname="tests.tech.TechWoLabor" time="0.018">
    <failure message="Cannot invoke &quot;org.openqa.selenium.TakesScreenshot.getScreenshotAs(org.openqa.selenium.OutputType)&quot; because &quot;driver&quot; is null" type="java.lang.NullPointerException">java.lang.NullPointerException: Cannot invoke "org.openqa.selenium.TakesScreenshot.getScreenshotAs(org.openqa.selenium.OutputType)" because "driver" is null
</failure>
  </testcase>
  <testcase name="afterMethodTakeScreenShot" classname="tests.tech.TechWoLabor" time="0.017">
    <failure message="Cannot invoke &quot;org.openqa.selenium.TakesScreenshot.getScreenshotAs(org.openqa.selenium.OutputType)&quot; because &quot;driver&quot; is null" type="java.lang.NullPointerException">java.lang.NullPointerException: Cannot invoke "org.openqa.selenium.TakesScreenshot.getScreenshotAs(org.openqa.selenium.OutputType)" because "driver" is null
</failure>
  </testcase>
  <testcase name="enter_Unit_Number" classname="tests.tech.TechWoLabor" time="0">
    <skipped/>
  </testcase>
  <testcase name="verifyElement_Click_UnitHistory" classname="tests.tech.TechWoLabor" time="0">
    <skipped/>
  </testcase>
  <testcase name="clickOn_Labour_MoreWork_VMRSTab" classname="tests.tech.TechWoLabor" time="0">
    <skipped/>
  </testcase>
  <testcase name="enter_AeroDynamic_Device_First" classname="tests.tech.TechWoLabor" time="0">
    <skipped/>
  </testcase>
  <testcase name="enter_AeroDynamic_ClickIMG" classname="tests.tech.TechWoLabor" time="0">
    <skipped/>
  </testcase>
  <testcase name="add_AeroDynamic_Delete_Labour" classname="tests.tech.TechWoLabor" time="0">
    <skipped/>
  </testcase>
  <testcase name="again_Add_AeroDynamicDevice" classname="tests.tech.TechWoLabor" time="0">
    <skipped/>
  </testcase>
  <testcase name="enter_AccessoriesGroup_Img" classname="tests.tech.TechWoLabor" time="0">
    <skipped/>
  </testcase>
  <testcase name="clickOn_SelectButton" classname="tests.tech.TechWoLabor" time="0">
    <skipped/>
  </testcase>
  <testcase name="generateAllure" classname="tests.tech.TechWoLabor" time="29.338">
    <failure message="Input must be set" type="java.lang.IllegalArgumentException">java.lang.IllegalArgumentException: Input must be set
</failure>
    <system-out><![CDATA[creating directory: __2024_02_19_17.51.33
Folder created
Before Report Process
This is CMD : F:\NewGitFinal\RefactorScript\allure-2.13.6\bin\allure.bat generate  F:\NewGitFinal\RefactorScript\allure-results -o F:\NewGitFinal\RefactorScript\allure-results\Reports\TechWoLaborReports\__2024_02_19_17.51.33
Generating Report
After Report Process
]]></system-out>
  </testcase>
</testsuite>