<?xml version="1.0" encoding="UTF-8"?>
<testsuite xmlns:xsi="http://www.w3.org/2001/XMLSchema-instance" xsi:noNamespaceSchemaLocation="https://maven.apache.org/surefire/maven-surefire-plugin/xsd/surefire-test-report.xsd" name="tests.Partsrelateditems.Addafabricatedparttoaclosedworkorder" time="774.649" tests="6" errors="0" skipped="0" failures="2">
  <properties>
[...]
</properties>
  <testcase name="Test_001_gotoCompleteRo" classname="tests.Partsrelateditems.Addafabricatedparttoaclosedworkorder" time="49.305"/>
  <testcase name="Test_002_clickoNewRo" classname="tests.Partsrelateditems.Addafabricatedparttoaclosedworkorder" time="165.681"/>
  <testcase name="Test_003_typeSearchTextArea" classname="tests.Partsrelateditems.Addafabricatedparttoaclosedworkorder" time="157.963">
    <failure message="Index 2 out of bounds for length 2" type="java.lang.IndexOutOfBoundsException">java.lang.IndexOutOfBoundsException: Index 2 out of bounds for length 2
	at tests.Partsrelateditems.Addafabricatedparttoaclosedworkorder.Test_003_typeSearchTextArea(Addafabricatedparttoaclosedworkorder.java:34)
</failure>
    <system-out><![CDATA[Loader is not visible
Loader is not visible
Loader is not visible
]]></system-out>
  </testcase>
  <testcase name="Test_004_clickonAddPart" classname="tests.Partsrelateditems.Addafabricatedparttoaclosedworkorder" time="156.594"/>
  <testcase name="Test_005_clickonPartTextArea" classname="tests.Partsrelateditems.Addafabricatedparttoaclosedworkorder" time="204.239"/>
  <testcase name="generateAllure" classname="tests.Partsrelateditems.Addafabricatedparttoaclosedworkorder" time="204.321">
    <failure type="java.lang.NullPointerException">java.lang.NullPointerException
</failure>
    <system-out><![CDATA[creating directory: __2024_02_13_15.23.37
Folder created
Before Report Process
This is CMD : null
]]></system-out>
  </testcase>
</testsuite>