-------------------------------------------------------------------------------
Test set: tests.tech.TechWoLabor
-------------------------------------------------------------------------------
Tests run: 10, Failures: 1, Errors: 0, Skipped: 0, Time elapsed: 925.59 s <<< FAILURE! - in tests.tech.TechWoLabor
clickOn_SelectButton(tests.tech.TechWoLabor)  Time elapsed: 44.192 s  <<< FAILURE!
org.openqa.selenium.ElementClickInterceptedException: 
element click intercepted: Element <span class="xfx">...</span> is not clickable at point (671, 551). Other element would receive the click: <div class="AFModalGlassPane" style="width: 1263px; height: 613px; user-select: none; z-index: 62;"></div>
  (Session info: chrome=120.0.6099.225)
Build info: version: '4.4.0', revision: 'e5c75ed026a'
System info: host: 'DESKTOP-RH29BD1', ip: '192.168.1.7', os.name: 'Windows 10', os.arch: 'amd64', os.version: '10.0', java.version: '11.0.18'
Driver info: org.openqa.selenium.chrome.ChromeDriver
Command: [f3b448122dc9cff08b792340856558f4, clickElement {id=4A1ABCDFFFCA42EC8E75532E5D8820A5_element_1039}]
Capabilities {acceptInsecureCerts: false, browserName: chrome, browserVersion: 120.0.6099.225, chrome: {chromedriverVersion: 120.0.6099.109 (3419140ab66..., userDataDir: C:\Users\dell\AppData\Local...}, fedcm:accounts: true, goog:chromeOptions: {debuggerAddress: localhost:52295}, networkConnectionEnabled: false, pageLoadStrategy: normal, platformName: WINDOWS, proxy: Proxy(), se:cdp: ws://localhost:52295/devtoo..., se:cdpVersion: 120.0.6099.225, setWindowRect: true, strictFileInteractability: false, timeouts: {implicit: 0, pageLoad: 300000, script: 30000}, unhandledPromptBehavior: dismiss and notify, webauthn:extension:credBlob: true, webauthn:extension:largeBlob: true, webauthn:extension:minPinLength: true, webauthn:extension:prf: true, webauthn:virtualAuthenticators: true}
Element: [[ChromeDriver: chrome on WINDOWS (f3b448122dc9cff08b792340856558f4)] -> xpath: //span[text()='Add']]
Session ID: f3b448122dc9cff08b792340856558f4
	at tests.tech.TechWoLabor.clickOn_SelectButton(TechWoLabor.java:119)

